Script started at Tue Apr 15 18:50:02 ADT 2025
Summaries will be saved to agora-overview.txt
Processing AGI Blueprint.txt
Temporary directory created: /mnt/c/Users/nateg/OneDrive/Documentos/GitHub/autodoxx/tmp_AGIBlueprint.txt_KvtOXe
File split into chunks: /mnt/c/Users/nateg/OneDrive/Documentos/GitHub/autodoxx/tmp_AGIBlueprint.txt_KvtOXe/chunk_aa
/mnt/c/Users/nateg/OneDrive/Documentos/GitHub/autodoxx/tmp_AGIBlueprint.txt_KvtOXe/chunk_ab
/mnt/c/Users/nateg/OneDrive/Documentos/GitHub/autodoxx/tmp_AGIBlueprint.txt_KvtOXe/chunk_ac
/mnt/c/Users/nateg/OneDrive/Documentos/GitHub/autodoxx/tmp_AGIBlueprint.txt_KvtOXe/chunk_ad
/mnt/c/Users/nateg/OneDrive/Documentos/GitHub/autodoxx/tmp_AGIBlueprint.txt_KvtOXe/chunk_ae
/mnt/c/Users/nateg/OneDrive/Documentos/GitHub/autodoxx/tmp_AGIBlueprint.txt_KvtOXe/chunk_af
/mnt/c/Users/nateg/OneDrive/Documentos/GitHub/autodoxx/tmp_AGIBlueprint.txt_KvtOXe/chunk_ag
/mnt/c/Users/nateg/OneDrive/Documentos/GitHub/autodoxx/tmp_AGIBlueprint.txt_KvtOXe/chunk_ah
/mnt/c/Users/nateg/OneDrive/Documentos/GitHub/autodoxx/tmp_AGIBlueprint.txt_KvtOXe/chunk_ai
/mnt/c/Users/nateg/OneDrive/Documentos/GitHub/autodoxx/tmp_AGIBlueprint.txt_KvtOXe/chunk_aj
/mnt/c/Users/nateg/OneDrive/Documentos/GitHub/autodoxx/tmp_AGIBlueprint.txt_KvtOXe/chunk_ak
/mnt/c/Users/nateg/OneDrive/Documentos/GitHub/autodoxx/tmp_AGIBlueprint.txt_KvtOXe/chunk_al
/mnt/c/Users/nateg/OneDrive/Documentos/GitHub/autodoxx/tmp_AGIBlueprint.txt_KvtOXe/chunk_am
/mnt/c/Users/nateg/OneDrive/Documentos/GitHub/autodoxx/tmp_AGIBlueprint.txt_KvtOXe/chunk_an
Temporary directory /mnt/c/Users/nateg/OneDrive/Documentos/GitHub/autodoxx/tmp_AGIBlueprint.txt_KvtOXe removed
AGI Blueprint.txt
Processing Auto Universe Concepts.txt
Temporary directory created: /mnt/c/Users/nateg/OneDrive/Documentos/GitHub/autodoxx/tmp_AutoUniverseConcepts.txt_0NAng6
File split into chunks: /mnt/c/Users/nateg/OneDrive/Documentos/GitHub/autodoxx/tmp_AutoUniverseConcepts.txt_0NAng6/chunk_aa
/mnt/c/Users/nateg/OneDrive/Documentos/GitHub/autodoxx/tmp_AutoUniverseConcepts.txt_0NAng6/chunk_ab
/mnt/c/Users/nateg/OneDrive/Documentos/GitHub/autodoxx/tmp_AutoUniverseConcepts.txt_0NAng6/chunk_ac
/mnt/c/Users/nateg/OneDrive/Documentos/GitHub/autodoxx/tmp_AutoUniverseConcepts.txt_0NAng6/chunk_ad
Temporary directory /mnt/c/Users/nateg/OneDrive/Documentos/GitHub/autodoxx/tmp_AutoUniverseConcepts.txt_0NAng6 removed
Auto Universe Concepts.txt
Processing AutoHotkey Scripts.txt
Temporary directory created: /mnt/c/Users/nateg/OneDrive/Documentos/GitHub/autodoxx/tmp_AutoHotkeyScripts.txt_BAmFrU
File split into chunks: /mnt/c/Users/nateg/OneDrive/Documentos/GitHub/autodoxx/tmp_AutoHotkeyScripts.txt_BAmFrU/chunk_aa
/mnt/c/Users/nateg/OneDrive/Documentos/GitHub/autodoxx/tmp_AutoHotkeyScripts.txt_BAmFrU/chunk_ab
/mnt/c/Users/nateg/OneDrive/Documentos/GitHub/autodoxx/tmp_AutoHotkeyScripts.txt_BAmFrU/chunk_ac
/mnt/c/Users/nateg/OneDrive/Documentos/GitHub/autodoxx/tmp_AutoHotkeyScripts.txt_BAmFrU/chunk_ad
/mnt/c/Users/nateg/OneDrive/Documentos/GitHub/autodoxx/tmp_AutoHotkeyScripts.txt_BAmFrU/chunk_ae
/mnt/c/Users/nateg/OneDrive/Documentos/GitHub/autodoxx/tmp_AutoHotkeyScripts.txt_BAmFrU/chunk_af
/mnt/c/Users/nateg/OneDrive/Documentos/GitHub/autodoxx/tmp_AutoHotkeyScripts.txt_BAmFrU/chunk_ag
/mnt/c/Users/nateg/OneDrive/Documentos/GitHub/autodoxx/tmp_AutoHotkeyScripts.txt_BAmFrU/chunk_ah
Temporary directory /mnt/c/Users/nateg/OneDrive/Documentos/GitHub/autodoxx/tmp_AutoHotkeyScripts.txt_BAmFrU removed
AutoHotkey Scripts.txt
Processing Automate Git Repo Updates.txt
Temporary directory created: /mnt/c/Users/nateg/OneDrive/Documentos/GitHub/autodoxx/tmp_AutomateGitRepoUpdates.txt_284ED5
File split into chunks: /mnt/c/Users/nateg/OneDrive/Documentos/GitHub/autodoxx/tmp_AutomateGitRepoUpdates.txt_284ED5/chunk_aa
/mnt/c/Users/nateg/OneDrive/Documentos/GitHub/autodoxx/tmp_AutomateGitRepoUpdates.txt_284ED5/chunk_ab
/mnt/c/Users/nateg/OneDrive/Documentos/GitHub/autodoxx/tmp_AutomateGitRepoUpdates.txt_284ED5/chunk_ac
/mnt/c/Users/nateg/OneDrive/Documentos/GitHub/autodoxx/tmp_AutomateGitRepoUpdates.txt_284ED5/chunk_ad
/mnt/c/Users/nateg/OneDrive/Documentos/GitHub/autodoxx/tmp_AutomateGitRepoUpdates.txt_284ED5/chunk_ae
/mnt/c/Users/nateg/OneDrive/Documentos/GitHub/autodoxx/tmp_AutomateGitRepoUpdates.txt_284ED5/chunk_af
Temporary directory /mnt/c/Users/nateg/OneDrive/Documentos/GitHub/autodoxx/tmp_AutomateGitRepoUpdates.txt_284ED5 removed
Automate Git Repo Updates.txt
Processing Cohesion of Tropes.txt
Temporary directory created: /mnt/c/Users/nateg/OneDrive/Documentos/GitHub/autodoxx/tmp_CohesionofTropes.txt_nm1rsR
File split into chunks: /mnt/c/Users/nateg/OneDrive/Documentos/GitHub/autodoxx/tmp_CohesionofTropes.txt_nm1rsR/chunk_aa
/mnt/c/Users/nateg/OneDrive/Documentos/GitHub/autodoxx/tmp_CohesionofTropes.txt_nm1rsR/chunk_ab
/mnt/c/Users/nateg/OneDrive/Documentos/GitHub/autodoxx/tmp_CohesionofTropes.txt_nm1rsR/chunk_ac
/mnt/c/Users/nateg/OneDrive/Documentos/GitHub/autodoxx/tmp_CohesionofTropes.txt_nm1rsR/chunk_ad
/mnt/c/Users/nateg/OneDrive/Documentos/GitHub/autodoxx/tmp_CohesionofTropes.txt_nm1rsR/chunk_ae
/mnt/c/Users/nateg/OneDrive/Documentos/GitHub/autodoxx/tmp_CohesionofTropes.txt_nm1rsR/chunk_af
Temporary directory /mnt/c/Users/nateg/OneDrive/Documentos/GitHub/autodoxx/tmp_CohesionofTropes.txt_nm1rsR removed
Cohesion of Tropes.txt
Processing Create Alicia Juarrero Wikipedia page.txt
Temporary directory created: /mnt/c/Users/nateg/OneDrive/Documentos/GitHub/autodoxx/tmp_CreateAliciaJuarreroWikipediapage.txt_vkykrU
File split into chunks: /mnt/c/Users/nateg/OneDrive/Documentos/GitHub/autodoxx/tmp_CreateAliciaJuarreroWikipediapage.txt_vkykrU/chunk_aa
/mnt/c/Users/nateg/OneDrive/Documentos/GitHub/autodoxx/tmp_CreateAliciaJuarreroWikipediapage.txt_vkykrU/chunk_ab
/mnt/c/Users/nateg/OneDrive/Documentos/GitHub/autodoxx/tmp_CreateAliciaJuarreroWikipediapage.txt_vkykrU/chunk_ac
/mnt/c/Users/nateg/OneDrive/Documentos/GitHub/autodoxx/tmp_CreateAliciaJuarreroWikipediapage.txt_vkykrU/chunk_ad
/mnt/c/Users/nateg/OneDrive/Documentos/GitHub/autodoxx/tmp_CreateAliciaJuarreroWikipediapage.txt_vkykrU/chunk_ae
/mnt/c/Users/nateg/OneDrive/Documentos/GitHub/autodoxx/tmp_CreateAliciaJuarreroWikipediapage.txt_vkykrU/chunk_af
/mnt/c/Users/nateg/OneDrive/Documentos/GitHub/autodoxx/tmp_CreateAliciaJuarreroWikipediapage.txt_vkykrU/chunk_ag
/mnt/c/Users/nateg/OneDrive/Documentos/GitHub/autodoxx/tmp_CreateAliciaJuarreroWikipediapage.txt_vkykrU/chunk_ah
/mnt/c/Users/nateg/OneDrive/Documentos/GitHub/autodoxx/tmp_CreateAliciaJuarreroWikipediapage.txt_vkykrU/chunk_ai
/mnt/c/Users/nateg/OneDrive/Documentos/GitHub/autodoxx/tmp_CreateAliciaJuarreroWikipediapage.txt_vkykrU/chunk_aj
/mnt/c/Users/nateg/OneDrive/Documentos/GitHub/autodoxx/tmp_CreateAliciaJuarreroWikipediapage.txt_vkykrU/chunk_ak
/mnt/c/Users/nateg/OneDrive/Documentos/GitHub/autodoxx/tmp_CreateAliciaJuarreroWikipediapage.txt_vkykrU/chunk_al
/mnt/c/Users/nateg/OneDrive/Documentos/GitHub/autodoxx/tmp_CreateAliciaJuarreroWikipediapage.txt_vkykrU/chunk_am
Temporary directory /mnt/c/Users/nateg/OneDrive/Documentos/GitHub/autodoxx/tmp_CreateAliciaJuarreroWikipediapage.txt_vkykrU removed
Create Alicia Juarrero Wikipedia page.txt
Processing Dimorphic Resonance.txt
Temporary directory created: /mnt/c/Users/nateg/OneDrive/Documentos/GitHub/autodoxx/tmp_DimorphicResonance.txt_O1l5gK
File split into chunks: /mnt/c/Users/nateg/OneDrive/Documentos/GitHub/autodoxx/tmp_DimorphicResonance.txt_O1l5gK/chunk_aa
/mnt/c/Users/nateg/OneDrive/Documentos/GitHub/autodoxx/tmp_DimorphicResonance.txt_O1l5gK/chunk_ab
/mnt/c/Users/nateg/OneDrive/Documentos/GitHub/autodoxx/tmp_DimorphicResonance.txt_O1l5gK/chunk_ac
/mnt/c/Users/nateg/OneDrive/Documentos/GitHub/autodoxx/tmp_DimorphicResonance.txt_O1l5gK/chunk_ad
/mnt/c/Users/nateg/OneDrive/Documentos/GitHub/autodoxx/tmp_DimorphicResonance.txt_O1l5gK/chunk_ae
/mnt/c/Users/nateg/OneDrive/Documentos/GitHub/autodoxx/tmp_DimorphicResonance.txt_O1l5gK/chunk_af
/mnt/c/Users/nateg/OneDrive/Documentos/GitHub/autodoxx/tmp_DimorphicResonance.txt_O1l5gK/chunk_ag
/mnt/c/Users/nateg/OneDrive/Documentos/GitHub/autodoxx/tmp_DimorphicResonance.txt_O1l5gK/chunk_ah
/mnt/c/Users/nateg/OneDrive/Documentos/GitHub/autodoxx/tmp_DimorphicResonance.txt_O1l5gK/chunk_ai
/mnt/c/Users/nateg/OneDrive/Documentos/GitHub/autodoxx/tmp_DimorphicResonance.txt_O1l5gK/chunk_aj
/mnt/c/Users/nateg/OneDrive/Documentos/GitHub/autodoxx/tmp_DimorphicResonance.txt_O1l5gK/chunk_ak
/mnt/c/Users/nateg/OneDrive/Documentos/GitHub/autodoxx/tmp_DimorphicResonance.txt_O1l5gK/chunk_al
Temporary directory /mnt/c/Users/nateg/OneDrive/Documentos/GitHub/autodoxx/tmp_DimorphicResonance.txt_O1l5gK removed
Dimorphic Resonance.txt
Processing El clickbait es abstracción.txt
Temporary directory created: /mnt/c/Users/nateg/OneDrive/Documentos/GitHub/autodoxx/tmp_Elclickbaitesabstracción.txt_eLtSct
File split into chunks: /mnt/c/Users/nateg/OneDrive/Documentos/GitHub/autodoxx/tmp_Elclickbaitesabstracción.txt_eLtSct/chunk_aa
/mnt/c/Users/nateg/OneDrive/Documentos/GitHub/autodoxx/tmp_Elclickbaitesabstracción.txt_eLtSct/chunk_ab
/mnt/c/Users/nateg/OneDrive/Documentos/GitHub/autodoxx/tmp_Elclickbaitesabstracción.txt_eLtSct/chunk_ac
/mnt/c/Users/nateg/OneDrive/Documentos/GitHub/autodoxx/tmp_Elclickbaitesabstracción.txt_eLtSct/chunk_ad
/mnt/c/Users/nateg/OneDrive/Documentos/GitHub/autodoxx/tmp_Elclickbaitesabstracción.txt_eLtSct/chunk_ae
/mnt/c/Users/nateg/OneDrive/Documentos/GitHub/autodoxx/tmp_Elclickbaitesabstracción.txt_eLtSct/chunk_af
/mnt/c/Users/nateg/OneDrive/Documentos/GitHub/autodoxx/tmp_Elclickbaitesabstracción.txt_eLtSct/chunk_ag
/mnt/c/Users/nateg/OneDrive/Documentos/GitHub/autodoxx/tmp_Elclickbaitesabstracción.txt_eLtSct/chunk_ah
/mnt/c/Users/nateg/OneDrive/Documentos/GitHub/autodoxx/tmp_Elclickbaitesabstracción.txt_eLtSct/chunk_ai
Temporary directory /mnt/c/Users/nateg/OneDrive/Documentos/GitHub/autodoxx/tmp_Elclickbaitesabstracción.txt_eLtSct removed
El clickbait es abstracción.txt
Processing Embodied Relegation.txt
Temporary directory created: /mnt/c/Users/nateg/OneDrive/Documentos/GitHub/autodoxx/tmp_EmbodiedRelegation.txt_CPntHe
File split into chunks: /mnt/c/Users/nateg/OneDrive/Documentos/GitHub/autodoxx/tmp_EmbodiedRelegation.txt_CPntHe/chunk_aa
/mnt/c/Users/nateg/OneDrive/Documentos/GitHub/autodoxx/tmp_EmbodiedRelegation.txt_CPntHe/chunk_ab
/mnt/c/Users/nateg/OneDrive/Documentos/GitHub/autodoxx/tmp_EmbodiedRelegation.txt_CPntHe/chunk_ac
/mnt/c/Users/nateg/OneDrive/Documentos/GitHub/autodoxx/tmp_EmbodiedRelegation.txt_CPntHe/chunk_ad
/mnt/c/Users/nateg/OneDrive/Documentos/GitHub/autodoxx/tmp_EmbodiedRelegation.txt_CPntHe/chunk_ae
/mnt/c/Users/nateg/OneDrive/Documentos/GitHub/autodoxx/tmp_EmbodiedRelegation.txt_CPntHe/chunk_af
/mnt/c/Users/nateg/OneDrive/Documentos/GitHub/autodoxx/tmp_EmbodiedRelegation.txt_CPntHe/chunk_ag
/mnt/c/Users/nateg/OneDrive/Documentos/GitHub/autodoxx/tmp_EmbodiedRelegation.txt_CPntHe/chunk_ah
/mnt/c/Users/nateg/OneDrive/Documentos/GitHub/autodoxx/tmp_EmbodiedRelegation.txt_CPntHe/chunk_ai
/mnt/c/Users/nateg/OneDrive/Documentos/GitHub/autodoxx/tmp_EmbodiedRelegation.txt_CPntHe/chunk_aj
/mnt/c/Users/nateg/OneDrive/Documentos/GitHub/autodoxx/tmp_EmbodiedRelegation.txt_CPntHe/chunk_ak
/mnt/c/Users/nateg/OneDrive/Documentos/GitHub/autodoxx/tmp_EmbodiedRelegation.txt_CPntHe/chunk_al
Temporary directory /mnt/c/Users/nateg/OneDrive/Documentos/GitHub/autodoxx/tmp_EmbodiedRelegation.txt_CPntHe removed
Embodied Relegation.txt
Processing Embracing the Void.txt
Temporary directory created: /mnt/c/Users/nateg/OneDrive/Documentos/GitHub/autodoxx/tmp_EmbracingtheVoid.txt_iiP0Rw
File split into chunks: /mnt/c/Users/nateg/OneDrive/Documentos/GitHub/autodoxx/tmp_EmbracingtheVoid.txt_iiP0Rw/chunk_aa
/mnt/c/Users/nateg/OneDrive/Documentos/GitHub/autodoxx/tmp_EmbracingtheVoid.txt_iiP0Rw/chunk_ab
/mnt/c/Users/nateg/OneDrive/Documentos/GitHub/autodoxx/tmp_EmbracingtheVoid.txt_iiP0Rw/chunk_ac
/mnt/c/Users/nateg/OneDrive/Documentos/GitHub/autodoxx/tmp_EmbracingtheVoid.txt_iiP0Rw/chunk_ad
/mnt/c/Users/nateg/OneDrive/Documentos/GitHub/autodoxx/tmp_EmbracingtheVoid.txt_iiP0Rw/chunk_ae
/mnt/c/Users/nateg/OneDrive/Documentos/GitHub/autodoxx/tmp_EmbracingtheVoid.txt_iiP0Rw/chunk_af
/mnt/c/Users/nateg/OneDrive/Documentos/GitHub/autodoxx/tmp_EmbracingtheVoid.txt_iiP0Rw/chunk_ag
/mnt/c/Users/nateg/OneDrive/Documentos/GitHub/autodoxx/tmp_EmbracingtheVoid.txt_iiP0Rw/chunk_ah
/mnt/c/Users/nateg/OneDrive/Documentos/GitHub/autodoxx/tmp_EmbracingtheVoid.txt_iiP0Rw/chunk_ai
/mnt/c/Users/nateg/OneDrive/Documentos/GitHub/autodoxx/tmp_EmbracingtheVoid.txt_iiP0Rw/chunk_aj
/mnt/c/Users/nateg/OneDrive/Documentos/GitHub/autodoxx/tmp_EmbracingtheVoid.txt_iiP0Rw/chunk_ak
/mnt/c/Users/nateg/OneDrive/Documentos/GitHub/autodoxx/tmp_EmbracingtheVoid.txt_iiP0Rw/chunk_al
/mnt/c/Users/nateg/OneDrive/Documentos/GitHub/autodoxx/tmp_EmbracingtheVoid.txt_iiP0Rw/chunk_am
Temporary directory /mnt/c/Users/nateg/OneDrive/Documentos/GitHub/autodoxx/tmp_EmbracingtheVoid.txt_iiP0Rw removed
Embracing the Void.txt
Processing Fearism Philosophy Analysis.txt
Temporary directory created: /mnt/c/Users/nateg/OneDrive/Documentos/GitHub/autodoxx/tmp_FearismPhilosophyAnalysis.txt_JeUe5p
File split into chunks: /mnt/c/Users/nateg/OneDrive/Documentos/GitHub/autodoxx/tmp_FearismPhilosophyAnalysis.txt_JeUe5p/chunk_aa
/mnt/c/Users/nateg/OneDrive/Documentos/GitHub/autodoxx/tmp_FearismPhilosophyAnalysis.txt_JeUe5p/chunk_ab
/mnt/c/Users/nateg/OneDrive/Documentos/GitHub/autodoxx/tmp_FearismPhilosophyAnalysis.txt_JeUe5p/chunk_ac
Temporary directory /mnt/c/Users/nateg/OneDrive/Documentos/GitHub/autodoxx/tmp_FearismPhilosophyAnalysis.txt_JeUe5p removed
Fearism Philosophy Analysis.txt
Processing Frustration with Misleading Information.txt
Temporary directory created: /mnt/c/Users/nateg/OneDrive/Documentos/GitHub/autodoxx/tmp_FrustrationwithMisleadingInformation.txt_02Dp8P
File split into chunks: /mnt/c/Users/nateg/OneDrive/Documentos/GitHub/autodoxx/tmp_FrustrationwithMisleadingInformation.txt_02Dp8P/chunk_aa
/mnt/c/Users/nateg/OneDrive/Documentos/GitHub/autodoxx/tmp_FrustrationwithMisleadingInformation.txt_02Dp8P/chunk_ab
/mnt/c/Users/nateg/OneDrive/Documentos/GitHub/autodoxx/tmp_FrustrationwithMisleadingInformation.txt_02Dp8P/chunk_ac
/mnt/c/Users/nateg/OneDrive/Documentos/GitHub/autodoxx/tmp_FrustrationwithMisleadingInformation.txt_02Dp8P/chunk_ad
/mnt/c/Users/nateg/OneDrive/Documentos/GitHub/autodoxx/tmp_FrustrationwithMisleadingInformation.txt_02Dp8P/chunk_ae
/mnt/c/Users/nateg/OneDrive/Documentos/GitHub/autodoxx/tmp_FrustrationwithMisleadingInformation.txt_02Dp8P/chunk_af
/mnt/c/Users/nateg/OneDrive/Documentos/GitHub/autodoxx/tmp_FrustrationwithMisleadingInformation.txt_02Dp8P/chunk_ag
/mnt/c/Users/nateg/OneDrive/Documentos/GitHub/autodoxx/tmp_FrustrationwithMisleadingInformation.txt_02Dp8P/chunk_ah
/mnt/c/Users/nateg/OneDrive/Documentos/GitHub/autodoxx/tmp_FrustrationwithMisleadingInformation.txt_02Dp8P/chunk_ai
/mnt/c/Users/nateg/OneDrive/Documentos/GitHub/autodoxx/tmp_FrustrationwithMisleadingInformation.txt_02Dp8P/chunk_aj
Temporary directory /mnt/c/Users/nateg/OneDrive/Documentos/GitHub/autodoxx/tmp_FrustrationwithMisleadingInformation.txt_02Dp8P removed
Frustration with Misleading Information.txt
Processing Grabby Aliens Attack.txt
Temporary directory created: /mnt/c/Users/nateg/OneDrive/Documentos/GitHub/autodoxx/tmp_GrabbyAliensAttack.txt_SVPfu4
File split into chunks: /mnt/c/Users/nateg/OneDrive/Documentos/GitHub/autodoxx/tmp_GrabbyAliensAttack.txt_SVPfu4/chunk_aa
/mnt/c/Users/nateg/OneDrive/Documentos/GitHub/autodoxx/tmp_GrabbyAliensAttack.txt_SVPfu4/chunk_ab
/mnt/c/Users/nateg/OneDrive/Documentos/GitHub/autodoxx/tmp_GrabbyAliensAttack.txt_SVPfu4/chunk_ac
/mnt/c/Users/nateg/OneDrive/Documentos/GitHub/autodoxx/tmp_GrabbyAliensAttack.txt_SVPfu4/chunk_ad
/mnt/c/Users/nateg/OneDrive/Documentos/GitHub/autodoxx/tmp_GrabbyAliensAttack.txt_SVPfu4/chunk_ae
Temporary directory /mnt/c/Users/nateg/OneDrive/Documentos/GitHub/autodoxx/tmp_GrabbyAliensAttack.txt_SVPfu4 removed
Grabby Aliens Attack.txt
Processing Include file text in README.txt
Temporary directory created: /mnt/c/Users/nateg/OneDrive/Documentos/GitHub/autodoxx/tmp_IncludefiletextinREADME.txt_s7OKI3
File split into chunks: /mnt/c/Users/nateg/OneDrive/Documentos/GitHub/autodoxx/tmp_IncludefiletextinREADME.txt_s7OKI3/chunk_aa
/mnt/c/Users/nateg/OneDrive/Documentos/GitHub/autodoxx/tmp_IncludefiletextinREADME.txt_s7OKI3/chunk_ab
/mnt/c/Users/nateg/OneDrive/Documentos/GitHub/autodoxx/tmp_IncludefiletextinREADME.txt_s7OKI3/chunk_ac
/mnt/c/Users/nateg/OneDrive/Documentos/GitHub/autodoxx/tmp_IncludefiletextinREADME.txt_s7OKI3/chunk_ad
/mnt/c/Users/nateg/OneDrive/Documentos/GitHub/autodoxx/tmp_IncludefiletextinREADME.txt_s7OKI3/chunk_ae
/mnt/c/Users/nateg/OneDrive/Documentos/GitHub/autodoxx/tmp_IncludefiletextinREADME.txt_s7OKI3/chunk_af
/mnt/c/Users/nateg/OneDrive/Documentos/GitHub/autodoxx/tmp_IncludefiletextinREADME.txt_s7OKI3/chunk_ag
Temporary directory /mnt/c/Users/nateg/OneDrive/Documentos/GitHub/autodoxx/tmp_IncludefiletextinREADME.txt_s7OKI3 removed
Include file text in README.txt
Processing Interpolar Diaspora.txt
Temporary directory created: /mnt/c/Users/nateg/OneDrive/Documentos/GitHub/autodoxx/tmp_InterpolarDiaspora.txt_9xsZ96
File split into chunks: /mnt/c/Users/nateg/OneDrive/Documentos/GitHub/autodoxx/tmp_InterpolarDiaspora.txt_9xsZ96/chunk_aa
/mnt/c/Users/nateg/OneDrive/Documentos/GitHub/autodoxx/tmp_InterpolarDiaspora.txt_9xsZ96/chunk_ab
/mnt/c/Users/nateg/OneDrive/Documentos/GitHub/autodoxx/tmp_InterpolarDiaspora.txt_9xsZ96/chunk_ac
/mnt/c/Users/nateg/OneDrive/Documentos/GitHub/autodoxx/tmp_InterpolarDiaspora.txt_9xsZ96/chunk_ad
/mnt/c/Users/nateg/OneDrive/Documentos/GitHub/autodoxx/tmp_InterpolarDiaspora.txt_9xsZ96/chunk_ae
/mnt/c/Users/nateg/OneDrive/Documentos/GitHub/autodoxx/tmp_InterpolarDiaspora.txt_9xsZ96/chunk_af
/mnt/c/Users/nateg/OneDrive/Documentos/GitHub/autodoxx/tmp_InterpolarDiaspora.txt_9xsZ96/chunk_ag
/mnt/c/Users/nateg/OneDrive/Documentos/GitHub/autodoxx/tmp_InterpolarDiaspora.txt_9xsZ96/chunk_ah
/mnt/c/Users/nateg/OneDrive/Documentos/GitHub/autodoxx/tmp_InterpolarDiaspora.txt_9xsZ96/chunk_ai
/mnt/c/Users/nateg/OneDrive/Documentos/GitHub/autodoxx/tmp_InterpolarDiaspora.txt_9xsZ96/chunk_aj
/mnt/c/Users/nateg/OneDrive/Documentos/GitHub/autodoxx/tmp_InterpolarDiaspora.txt_9xsZ96/chunk_ak
/mnt/c/Users/nateg/OneDrive/Documentos/GitHub/autodoxx/tmp_InterpolarDiaspora.txt_9xsZ96/chunk_al
/mnt/c/Users/nateg/OneDrive/Documentos/GitHub/autodoxx/tmp_InterpolarDiaspora.txt_9xsZ96/chunk_am
/mnt/c/Users/nateg/OneDrive/Documentos/GitHub/autodoxx/tmp_InterpolarDiaspora.txt_9xsZ96/chunk_an
/mnt/c/Users/nateg/OneDrive/Documentos/GitHub/autodoxx/tmp_InterpolarDiaspora.txt_9xsZ96/chunk_ao
/mnt/c/Users/nateg/OneDrive/Documentos/GitHub/autodoxx/tmp_InterpolarDiaspora.txt_9xsZ96/chunk_ap
/mnt/c/Users/nateg/OneDrive/Documentos/GitHub/autodoxx/tmp_InterpolarDiaspora.txt_9xsZ96/chunk_aq
/mnt/c/Users/nateg/OneDrive/Documentos/GitHub/autodoxx/tmp_InterpolarDiaspora.txt_9xsZ96/chunk_ar
/mnt/c/Users/nateg/OneDrive/Documentos/GitHub/autodoxx/tmp_InterpolarDiaspora.txt_9xsZ96/chunk_as
/mnt/c/Users/nateg/OneDrive/Documentos/GitHub/autodoxx/tmp_InterpolarDiaspora.txt_9xsZ96/chunk_at
/mnt/c/Users/nateg/OneDrive/Documentos/GitHub/autodoxx/tmp_InterpolarDiaspora.txt_9xsZ96/chunk_au
/mnt/c/Users/nateg/OneDrive/Documentos/GitHub/autodoxx/tmp_InterpolarDiaspora.txt_9xsZ96/chunk_av
/mnt/c/Users/nateg/OneDrive/Documentos/GitHub/autodoxx/tmp_InterpolarDiaspora.txt_9xsZ96/chunk_aw
/mnt/c/Users/nateg/OneDrive/Documentos/GitHub/autodoxx/tmp_InterpolarDiaspora.txt_9xsZ96/chunk_ax
/mnt/c/Users/nateg/OneDrive/Documentos/GitHub/autodoxx/tmp_InterpolarDiaspora.txt_9xsZ96/chunk_ay
/mnt/c/Users/nateg/OneDrive/Documentos/GitHub/autodoxx/tmp_InterpolarDiaspora.txt_9xsZ96/chunk_az
/mnt/c/Users/nateg/OneDrive/Documentos/GitHub/autodoxx/tmp_InterpolarDiaspora.txt_9xsZ96/chunk_ba
/mnt/c/Users/nateg/OneDrive/Documentos/GitHub/autodoxx/tmp_InterpolarDiaspora.txt_9xsZ96/chunk_bb
/mnt/c/Users/nateg/OneDrive/Documentos/GitHub/autodoxx/tmp_InterpolarDiaspora.txt_9xsZ96/chunk_bc
/mnt/c/Users/nateg/OneDrive/Documentos/GitHub/autodoxx/tmp_InterpolarDiaspora.txt_9xsZ96/chunk_bd
/mnt/c/Users/nateg/OneDrive/Documentos/GitHub/autodoxx/tmp_InterpolarDiaspora.txt_9xsZ96/chunk_be
/mnt/c/Users/nateg/OneDrive/Documentos/GitHub/autodoxx/tmp_InterpolarDiaspora.txt_9xsZ96/chunk_bf
/mnt/c/Users/nateg/OneDrive/Documentos/GitHub/autodoxx/tmp_InterpolarDiaspora.txt_9xsZ96/chunk_bg
/mnt/c/Users/nateg/OneDrive/Documentos/GitHub/autodoxx/tmp_InterpolarDiaspora.txt_9xsZ96/chunk_bh
/mnt/c/Users/nateg/OneDrive/Documentos/GitHub/autodoxx/tmp_InterpolarDiaspora.txt_9xsZ96/chunk_bi
/mnt/c/Users/nateg/OneDrive/Documentos/GitHub/autodoxx/tmp_InterpolarDiaspora.txt_9xsZ96/chunk_bj
/mnt/c/Users/nateg/OneDrive/Documentos/GitHub/autodoxx/tmp_InterpolarDiaspora.txt_9xsZ96/chunk_bk
/mnt/c/Users/nateg/OneDrive/Documentos/GitHub/autodoxx/tmp_InterpolarDiaspora.txt_9xsZ96/chunk_bl
/mnt/c/Users/nateg/OneDrive/Documentos/GitHub/autodoxx/tmp_InterpolarDiaspora.txt_9xsZ96/chunk_bm
/mnt/c/Users/nateg/OneDrive/Documentos/GitHub/autodoxx/tmp_InterpolarDiaspora.txt_9xsZ96/chunk_bn
Temporary directory /mnt/c/Users/nateg/OneDrive/Documentos/GitHub/autodoxx/tmp_InterpolarDiaspora.txt_9xsZ96 removed
Interpolar Diaspora.txt
Processing Linux Swarmbots.txt
Temporary directory created: /mnt/c/Users/nateg/OneDrive/Documentos/GitHub/autodoxx/tmp_LinuxSwarmbots.txt_IQY5Im
File split into chunks: /mnt/c/Users/nateg/OneDrive/Documentos/GitHub/autodoxx/tmp_LinuxSwarmbots.txt_IQY5Im/chunk_aa
/mnt/c/Users/nateg/OneDrive/Documentos/GitHub/autodoxx/tmp_LinuxSwarmbots.txt_IQY5Im/chunk_ab
/mnt/c/Users/nateg/OneDrive/Documentos/GitHub/autodoxx/tmp_LinuxSwarmbots.txt_IQY5Im/chunk_ac
/mnt/c/Users/nateg/OneDrive/Documentos/GitHub/autodoxx/tmp_LinuxSwarmbots.txt_IQY5Im/chunk_ad
/mnt/c/Users/nateg/OneDrive/Documentos/GitHub/autodoxx/tmp_LinuxSwarmbots.txt_IQY5Im/chunk_ae
/mnt/c/Users/nateg/OneDrive/Documentos/GitHub/autodoxx/tmp_LinuxSwarmbots.txt_IQY5Im/chunk_af
/mnt/c/Users/nateg/OneDrive/Documentos/GitHub/autodoxx/tmp_LinuxSwarmbots.txt_IQY5Im/chunk_ag
/mnt/c/Users/nateg/OneDrive/Documentos/GitHub/autodoxx/tmp_LinuxSwarmbots.txt_IQY5Im/chunk_ah
/mnt/c/Users/nateg/OneDrive/Documentos/GitHub/autodoxx/tmp_LinuxSwarmbots.txt_IQY5Im/chunk_ai
/mnt/c/Users/nateg/OneDrive/Documentos/GitHub/autodoxx/tmp_LinuxSwarmbots.txt_IQY5Im/chunk_aj
/mnt/c/Users/nateg/OneDrive/Documentos/GitHub/autodoxx/tmp_LinuxSwarmbots.txt_IQY5Im/chunk_ak
/mnt/c/Users/nateg/OneDrive/Documentos/GitHub/autodoxx/tmp_LinuxSwarmbots.txt_IQY5Im/chunk_al
/mnt/c/Users/nateg/OneDrive/Documentos/GitHub/autodoxx/tmp_LinuxSwarmbots.txt_IQY5Im/chunk_am
/mnt/c/Users/nateg/OneDrive/Documentos/GitHub/autodoxx/tmp_LinuxSwarmbots.txt_IQY5Im/chunk_an
/mnt/c/Users/nateg/OneDrive/Documentos/GitHub/autodoxx/tmp_LinuxSwarmbots.txt_IQY5Im/chunk_ao
/mnt/c/Users/nateg/OneDrive/Documentos/GitHub/autodoxx/tmp_LinuxSwarmbots.txt_IQY5Im/chunk_ap
/mnt/c/Users/nateg/OneDrive/Documentos/GitHub/autodoxx/tmp_LinuxSwarmbots.txt_IQY5Im/chunk_aq
/mnt/c/Users/nateg/OneDrive/Documentos/GitHub/autodoxx/tmp_LinuxSwarmbots.txt_IQY5Im/chunk_ar
/mnt/c/Users/nateg/OneDrive/Documentos/GitHub/autodoxx/tmp_LinuxSwarmbots.txt_IQY5Im/chunk_as
/mnt/c/Users/nateg/OneDrive/Documentos/GitHub/autodoxx/tmp_LinuxSwarmbots.txt_IQY5Im/chunk_at
/mnt/c/Users/nateg/OneDrive/Documentos/GitHub/autodoxx/tmp_LinuxSwarmbots.txt_IQY5Im/chunk_au
/mnt/c/Users/nateg/OneDrive/Documentos/GitHub/autodoxx/tmp_LinuxSwarmbots.txt_IQY5Im/chunk_av
/mnt/c/Users/nateg/OneDrive/Documentos/GitHub/autodoxx/tmp_LinuxSwarmbots.txt_IQY5Im/chunk_aw
/mnt/c/Users/nateg/OneDrive/Documentos/GitHub/autodoxx/tmp_LinuxSwarmbots.txt_IQY5Im/chunk_ax
/mnt/c/Users/nateg/OneDrive/Documentos/GitHub/autodoxx/tmp_LinuxSwarmbots.txt_IQY5Im/chunk_ay
/mnt/c/Users/nateg/OneDrive/Documentos/GitHub/autodoxx/tmp_LinuxSwarmbots.txt_IQY5Im/chunk_az
/mnt/c/Users/nateg/OneDrive/Documentos/GitHub/autodoxx/tmp_LinuxSwarmbots.txt_IQY5Im/chunk_ba
/mnt/c/Users/nateg/OneDrive/Documentos/GitHub/autodoxx/tmp_LinuxSwarmbots.txt_IQY5Im/chunk_bb
/mnt/c/Users/nateg/OneDrive/Documentos/GitHub/autodoxx/tmp_LinuxSwarmbots.txt_IQY5Im/chunk_bc
/mnt/c/Users/nateg/OneDrive/Documentos/GitHub/autodoxx/tmp_LinuxSwarmbots.txt_IQY5Im/chunk_bd
Temporary directory /mnt/c/Users/nateg/OneDrive/Documentos/GitHub/autodoxx/tmp_LinuxSwarmbots.txt_IQY5Im removed
Linux Swarmbots.txt
Processing Liquid Frame Reduction.txt
Temporary directory created: /mnt/c/Users/nateg/OneDrive/Documentos/GitHub/autodoxx/tmp_LiquidFrameReduction.txt_f75nT2
File split into chunks: /mnt/c/Users/nateg/OneDrive/Documentos/GitHub/autodoxx/tmp_LiquidFrameReduction.txt_f75nT2/chunk_aa
/mnt/c/Users/nateg/OneDrive/Documentos/GitHub/autodoxx/tmp_LiquidFrameReduction.txt_f75nT2/chunk_ab
/mnt/c/Users/nateg/OneDrive/Documentos/GitHub/autodoxx/tmp_LiquidFrameReduction.txt_f75nT2/chunk_ac
/mnt/c/Users/nateg/OneDrive/Documentos/GitHub/autodoxx/tmp_LiquidFrameReduction.txt_f75nT2/chunk_ad
/mnt/c/Users/nateg/OneDrive/Documentos/GitHub/autodoxx/tmp_LiquidFrameReduction.txt_f75nT2/chunk_ae
/mnt/c/Users/nateg/OneDrive/Documentos/GitHub/autodoxx/tmp_LiquidFrameReduction.txt_f75nT2/chunk_af
/mnt/c/Users/nateg/OneDrive/Documentos/GitHub/autodoxx/tmp_LiquidFrameReduction.txt_f75nT2/chunk_ag
/mnt/c/Users/nateg/OneDrive/Documentos/GitHub/autodoxx/tmp_LiquidFrameReduction.txt_f75nT2/chunk_ah
Temporary directory /mnt/c/Users/nateg/OneDrive/Documentos/GitHub/autodoxx/tmp_LiquidFrameReduction.txt_f75nT2 removed
Liquid Frame Reduction.txt
Processing Model Complexity.txt
Temporary directory created: /mnt/c/Users/nateg/OneDrive/Documentos/GitHub/autodoxx/tmp_ModelComplexity.txt_bm9kUI
File split into chunks: /mnt/c/Users/nateg/OneDrive/Documentos/GitHub/autodoxx/tmp_ModelComplexity.txt_bm9kUI/chunk_aa
/mnt/c/Users/nateg/OneDrive/Documentos/GitHub/autodoxx/tmp_ModelComplexity.txt_bm9kUI/chunk_ab
/mnt/c/Users/nateg/OneDrive/Documentos/GitHub/autodoxx/tmp_ModelComplexity.txt_bm9kUI/chunk_ac
/mnt/c/Users/nateg/OneDrive/Documentos/GitHub/autodoxx/tmp_ModelComplexity.txt_bm9kUI/chunk_ad
/mnt/c/Users/nateg/OneDrive/Documentos/GitHub/autodoxx/tmp_ModelComplexity.txt_bm9kUI/chunk_ae
/mnt/c/Users/nateg/OneDrive/Documentos/GitHub/autodoxx/tmp_ModelComplexity.txt_bm9kUI/chunk_af
/mnt/c/Users/nateg/OneDrive/Documentos/GitHub/autodoxx/tmp_ModelComplexity.txt_bm9kUI/chunk_ag
/mnt/c/Users/nateg/OneDrive/Documentos/GitHub/autodoxx/tmp_ModelComplexity.txt_bm9kUI/chunk_ah
/mnt/c/Users/nateg/OneDrive/Documentos/GitHub/autodoxx/tmp_ModelComplexity.txt_bm9kUI/chunk_ai
/mnt/c/Users/nateg/OneDrive/Documentos/GitHub/autodoxx/tmp_ModelComplexity.txt_bm9kUI/chunk_aj
/mnt/c/Users/nateg/OneDrive/Documentos/GitHub/autodoxx/tmp_ModelComplexity.txt_bm9kUI/chunk_ak
/mnt/c/Users/nateg/OneDrive/Documentos/GitHub/autodoxx/tmp_ModelComplexity.txt_bm9kUI/chunk_al
/mnt/c/Users/nateg/OneDrive/Documentos/GitHub/autodoxx/tmp_ModelComplexity.txt_bm9kUI/chunk_am
/mnt/c/Users/nateg/OneDrive/Documentos/GitHub/autodoxx/tmp_ModelComplexity.txt_bm9kUI/chunk_an
/mnt/c/Users/nateg/OneDrive/Documentos/GitHub/autodoxx/tmp_ModelComplexity.txt_bm9kUI/chunk_ao
/mnt/c/Users/nateg/OneDrive/Documentos/GitHub/autodoxx/tmp_ModelComplexity.txt_bm9kUI/chunk_ap
/mnt/c/Users/nateg/OneDrive/Documentos/GitHub/autodoxx/tmp_ModelComplexity.txt_bm9kUI/chunk_aq
/mnt/c/Users/nateg/OneDrive/Documentos/GitHub/autodoxx/tmp_ModelComplexity.txt_bm9kUI/chunk_ar
/mnt/c/Users/nateg/OneDrive/Documentos/GitHub/autodoxx/tmp_ModelComplexity.txt_bm9kUI/chunk_as
/mnt/c/Users/nateg/OneDrive/Documentos/GitHub/autodoxx/tmp_ModelComplexity.txt_bm9kUI/chunk_at
/mnt/c/Users/nateg/OneDrive/Documentos/GitHub/autodoxx/tmp_ModelComplexity.txt_bm9kUI/chunk_au
/mnt/c/Users/nateg/OneDrive/Documentos/GitHub/autodoxx/tmp_ModelComplexity.txt_bm9kUI/chunk_av
/mnt/c/Users/nateg/OneDrive/Documentos/GitHub/autodoxx/tmp_ModelComplexity.txt_bm9kUI/chunk_aw
/mnt/c/Users/nateg/OneDrive/Documentos/GitHub/autodoxx/tmp_ModelComplexity.txt_bm9kUI/chunk_ax
/mnt/c/Users/nateg/OneDrive/Documentos/GitHub/autodoxx/tmp_ModelComplexity.txt_bm9kUI/chunk_ay
/mnt/c/Users/nateg/OneDrive/Documentos/GitHub/autodoxx/tmp_ModelComplexity.txt_bm9kUI/chunk_az
/mnt/c/Users/nateg/OneDrive/Documentos/GitHub/autodoxx/tmp_ModelComplexity.txt_bm9kUI/chunk_ba
/mnt/c/Users/nateg/OneDrive/Documentos/GitHub/autodoxx/tmp_ModelComplexity.txt_bm9kUI/chunk_bb
/mnt/c/Users/nateg/OneDrive/Documentos/GitHub/autodoxx/tmp_ModelComplexity.txt_bm9kUI/chunk_bc
/mnt/c/Users/nateg/OneDrive/Documentos/GitHub/autodoxx/tmp_ModelComplexity.txt_bm9kUI/chunk_bd
/mnt/c/Users/nateg/OneDrive/Documentos/GitHub/autodoxx/tmp_ModelComplexity.txt_bm9kUI/chunk_be
/mnt/c/Users/nateg/OneDrive/Documentos/GitHub/autodoxx/tmp_ModelComplexity.txt_bm9kUI/chunk_bf
/mnt/c/Users/nateg/OneDrive/Documentos/GitHub/autodoxx/tmp_ModelComplexity.txt_bm9kUI/chunk_bg
/mnt/c/Users/nateg/OneDrive/Documentos/GitHub/autodoxx/tmp_ModelComplexity.txt_bm9kUI/chunk_bh
/mnt/c/Users/nateg/OneDrive/Documentos/GitHub/autodoxx/tmp_ModelComplexity.txt_bm9kUI/chunk_bi
/mnt/c/Users/nateg/OneDrive/Documentos/GitHub/autodoxx/tmp_ModelComplexity.txt_bm9kUI/chunk_bj
/mnt/c/Users/nateg/OneDrive/Documentos/GitHub/autodoxx/tmp_ModelComplexity.txt_bm9kUI/chunk_bk
/mnt/c/Users/nateg/OneDrive/Documentos/GitHub/autodoxx/tmp_ModelComplexity.txt_bm9kUI/chunk_bl
/mnt/c/Users/nateg/OneDrive/Documentos/GitHub/autodoxx/tmp_ModelComplexity.txt_bm9kUI/chunk_bm
/mnt/c/Users/nateg/OneDrive/Documentos/GitHub/autodoxx/tmp_ModelComplexity.txt_bm9kUI/chunk_bn
/mnt/c/Users/nateg/OneDrive/Documentos/GitHub/autodoxx/tmp_ModelComplexity.txt_bm9kUI/chunk_bo
/mnt/c/Users/nateg/OneDrive/Documentos/GitHub/autodoxx/tmp_ModelComplexity.txt_bm9kUI/chunk_bp
/mnt/c/Users/nateg/OneDrive/Documentos/GitHub/autodoxx/tmp_ModelComplexity.txt_bm9kUI/chunk_bq
/mnt/c/Users/nateg/OneDrive/Documentos/GitHub/autodoxx/tmp_ModelComplexity.txt_bm9kUI/chunk_br
/mnt/c/Users/nateg/OneDrive/Documentos/GitHub/autodoxx/tmp_ModelComplexity.txt_bm9kUI/chunk_bs
/mnt/c/Users/nateg/OneDrive/Documentos/GitHub/autodoxx/tmp_ModelComplexity.txt_bm9kUI/chunk_bt
/mnt/c/Users/nateg/OneDrive/Documentos/GitHub/autodoxx/tmp_ModelComplexity.txt_bm9kUI/chunk_bu
/mnt/c/Users/nateg/OneDrive/Documentos/GitHub/autodoxx/tmp_ModelComplexity.txt_bm9kUI/chunk_bv
/mnt/c/Users/nateg/OneDrive/Documentos/GitHub/autodoxx/tmp_ModelComplexity.txt_bm9kUI/chunk_bw
/mnt/c/Users/nateg/OneDrive/Documentos/GitHub/autodoxx/tmp_ModelComplexity.txt_bm9kUI/chunk_bx
Temporary directory /mnt/c/Users/nateg/OneDrive/Documentos/GitHub/autodoxx/tmp_ModelComplexity.txt_bm9kUI removed
Model Complexity.txt
Processing Multiscale Intelligence Test.txt
Temporary directory created: /mnt/c/Users/nateg/OneDrive/Documentos/GitHub/autodoxx/tmp_MultiscaleIntelligenceTest.txt_zW5gI1
File split into chunks: /mnt/c/Users/nateg/OneDrive/Documentos/GitHub/autodoxx/tmp_MultiscaleIntelligenceTest.txt_zW5gI1/chunk_aa
/mnt/c/Users/nateg/OneDrive/Documentos/GitHub/autodoxx/tmp_MultiscaleIntelligenceTest.txt_zW5gI1/chunk_ab
/mnt/c/Users/nateg/OneDrive/Documentos/GitHub/autodoxx/tmp_MultiscaleIntelligenceTest.txt_zW5gI1/chunk_ac
/mnt/c/Users/nateg/OneDrive/Documentos/GitHub/autodoxx/tmp_MultiscaleIntelligenceTest.txt_zW5gI1/chunk_ad
/mnt/c/Users/nateg/OneDrive/Documentos/GitHub/autodoxx/tmp_MultiscaleIntelligenceTest.txt_zW5gI1/chunk_ae
/mnt/c/Users/nateg/OneDrive/Documentos/GitHub/autodoxx/tmp_MultiscaleIntelligenceTest.txt_zW5gI1/chunk_af
/mnt/c/Users/nateg/OneDrive/Documentos/GitHub/autodoxx/tmp_MultiscaleIntelligenceTest.txt_zW5gI1/chunk_ag
/mnt/c/Users/nateg/OneDrive/Documentos/GitHub/autodoxx/tmp_MultiscaleIntelligenceTest.txt_zW5gI1/chunk_ah
/mnt/c/Users/nateg/OneDrive/Documentos/GitHub/autodoxx/tmp_MultiscaleIntelligenceTest.txt_zW5gI1/chunk_ai
/mnt/c/Users/nateg/OneDrive/Documentos/GitHub/autodoxx/tmp_MultiscaleIntelligenceTest.txt_zW5gI1/chunk_aj
/mnt/c/Users/nateg/OneDrive/Documentos/GitHub/autodoxx/tmp_MultiscaleIntelligenceTest.txt_zW5gI1/chunk_ak
/mnt/c/Users/nateg/OneDrive/Documentos/GitHub/autodoxx/tmp_MultiscaleIntelligenceTest.txt_zW5gI1/chunk_al
/mnt/c/Users/nateg/OneDrive/Documentos/GitHub/autodoxx/tmp_MultiscaleIntelligenceTest.txt_zW5gI1/chunk_am
/mnt/c/Users/nateg/OneDrive/Documentos/GitHub/autodoxx/tmp_MultiscaleIntelligenceTest.txt_zW5gI1/chunk_an
/mnt/c/Users/nateg/OneDrive/Documentos/GitHub/autodoxx/tmp_MultiscaleIntelligenceTest.txt_zW5gI1/chunk_ao
/mnt/c/Users/nateg/OneDrive/Documentos/GitHub/autodoxx/tmp_MultiscaleIntelligenceTest.txt_zW5gI1/chunk_ap
/mnt/c/Users/nateg/OneDrive/Documentos/GitHub/autodoxx/tmp_MultiscaleIntelligenceTest.txt_zW5gI1/chunk_aq
Temporary directory /mnt/c/Users/nateg/OneDrive/Documentos/GitHub/autodoxx/tmp_MultiscaleIntelligenceTest.txt_zW5gI1 removed
Multiscale Intelligence Test.txt
Processing Odyssey to Echelon.txt
Temporary directory created: /mnt/c/Users/nateg/OneDrive/Documentos/GitHub/autodoxx/tmp_OdysseytoEchelon.txt_xurs6D
File split into chunks: /mnt/c/Users/nateg/OneDrive/Documentos/GitHub/autodoxx/tmp_OdysseytoEchelon.txt_xurs6D/chunk_aa
/mnt/c/Users/nateg/OneDrive/Documentos/GitHub/autodoxx/tmp_OdysseytoEchelon.txt_xurs6D/chunk_ab
/mnt/c/Users/nateg/OneDrive/Documentos/GitHub/autodoxx/tmp_OdysseytoEchelon.txt_xurs6D/chunk_ac
/mnt/c/Users/nateg/OneDrive/Documentos/GitHub/autodoxx/tmp_OdysseytoEchelon.txt_xurs6D/chunk_ad
/mnt/c/Users/nateg/OneDrive/Documentos/GitHub/autodoxx/tmp_OdysseytoEchelon.txt_xurs6D/chunk_ae
/mnt/c/Users/nateg/OneDrive/Documentos/GitHub/autodoxx/tmp_OdysseytoEchelon.txt_xurs6D/chunk_af
/mnt/c/Users/nateg/OneDrive/Documentos/GitHub/autodoxx/tmp_OdysseytoEchelon.txt_xurs6D/chunk_ag
/mnt/c/Users/nateg/OneDrive/Documentos/GitHub/autodoxx/tmp_OdysseytoEchelon.txt_xurs6D/chunk_ah
/mnt/c/Users/nateg/OneDrive/Documentos/GitHub/autodoxx/tmp_OdysseytoEchelon.txt_xurs6D/chunk_ai
/mnt/c/Users/nateg/OneDrive/Documentos/GitHub/autodoxx/tmp_OdysseytoEchelon.txt_xurs6D/chunk_aj
/mnt/c/Users/nateg/OneDrive/Documentos/GitHub/autodoxx/tmp_OdysseytoEchelon.txt_xurs6D/chunk_ak
/mnt/c/Users/nateg/OneDrive/Documentos/GitHub/autodoxx/tmp_OdysseytoEchelon.txt_xurs6D/chunk_al
/mnt/c/Users/nateg/OneDrive/Documentos/GitHub/autodoxx/tmp_OdysseytoEchelon.txt_xurs6D/chunk_am
/mnt/c/Users/nateg/OneDrive/Documentos/GitHub/autodoxx/tmp_OdysseytoEchelon.txt_xurs6D/chunk_an
Temporary directory /mnt/c/Users/nateg/OneDrive/Documentos/GitHub/autodoxx/tmp_OdysseytoEchelon.txt_xurs6D removed
Odyssey to Echelon.txt
Processing Perpetual Truth Detector.txt
Temporary directory created: /mnt/c/Users/nateg/OneDrive/Documentos/GitHub/autodoxx/tmp_PerpetualTruthDetector.txt_7o9EYQ
File split into chunks: /mnt/c/Users/nateg/OneDrive/Documentos/GitHub/autodoxx/tmp_PerpetualTruthDetector.txt_7o9EYQ/chunk_aa
/mnt/c/Users/nateg/OneDrive/Documentos/GitHub/autodoxx/tmp_PerpetualTruthDetector.txt_7o9EYQ/chunk_ab
/mnt/c/Users/nateg/OneDrive/Documentos/GitHub/autodoxx/tmp_PerpetualTruthDetector.txt_7o9EYQ/chunk_ac
/mnt/c/Users/nateg/OneDrive/Documentos/GitHub/autodoxx/tmp_PerpetualTruthDetector.txt_7o9EYQ/chunk_ad
/mnt/c/Users/nateg/OneDrive/Documentos/GitHub/autodoxx/tmp_PerpetualTruthDetector.txt_7o9EYQ/chunk_ae
/mnt/c/Users/nateg/OneDrive/Documentos/GitHub/autodoxx/tmp_PerpetualTruthDetector.txt_7o9EYQ/chunk_af
/mnt/c/Users/nateg/OneDrive/Documentos/GitHub/autodoxx/tmp_PerpetualTruthDetector.txt_7o9EYQ/chunk_ag
/mnt/c/Users/nateg/OneDrive/Documentos/GitHub/autodoxx/tmp_PerpetualTruthDetector.txt_7o9EYQ/chunk_ah
/mnt/c/Users/nateg/OneDrive/Documentos/GitHub/autodoxx/tmp_PerpetualTruthDetector.txt_7o9EYQ/chunk_ai
/mnt/c/Users/nateg/OneDrive/Documentos/GitHub/autodoxx/tmp_PerpetualTruthDetector.txt_7o9EYQ/chunk_aj
/mnt/c/Users/nateg/OneDrive/Documentos/GitHub/autodoxx/tmp_PerpetualTruthDetector.txt_7o9EYQ/chunk_ak
/mnt/c/Users/nateg/OneDrive/Documentos/GitHub/autodoxx/tmp_PerpetualTruthDetector.txt_7o9EYQ/chunk_al
/mnt/c/Users/nateg/OneDrive/Documentos/GitHub/autodoxx/tmp_PerpetualTruthDetector.txt_7o9EYQ/chunk_am
/mnt/c/Users/nateg/OneDrive/Documentos/GitHub/autodoxx/tmp_PerpetualTruthDetector.txt_7o9EYQ/chunk_an
/mnt/c/Users/nateg/OneDrive/Documentos/GitHub/autodoxx/tmp_PerpetualTruthDetector.txt_7o9EYQ/chunk_ao
/mnt/c/Users/nateg/OneDrive/Documentos/GitHub/autodoxx/tmp_PerpetualTruthDetector.txt_7o9EYQ/chunk_ap
/mnt/c/Users/nateg/OneDrive/Documentos/GitHub/autodoxx/tmp_PerpetualTruthDetector.txt_7o9EYQ/chunk_aq
/mnt/c/Users/nateg/OneDrive/Documentos/GitHub/autodoxx/tmp_PerpetualTruthDetector.txt_7o9EYQ/chunk_ar
/mnt/c/Users/nateg/OneDrive/Documentos/GitHub/autodoxx/tmp_PerpetualTruthDetector.txt_7o9EYQ/chunk_as
/mnt/c/Users/nateg/OneDrive/Documentos/GitHub/autodoxx/tmp_PerpetualTruthDetector.txt_7o9EYQ/chunk_at
/mnt/c/Users/nateg/OneDrive/Documentos/GitHub/autodoxx/tmp_PerpetualTruthDetector.txt_7o9EYQ/chunk_au
/mnt/c/Users/nateg/OneDrive/Documentos/GitHub/autodoxx/tmp_PerpetualTruthDetector.txt_7o9EYQ/chunk_av
/mnt/c/Users/nateg/OneDrive/Documentos/GitHub/autodoxx/tmp_PerpetualTruthDetector.txt_7o9EYQ/chunk_aw
/mnt/c/Users/nateg/OneDrive/Documentos/GitHub/autodoxx/tmp_PerpetualTruthDetector.txt_7o9EYQ/chunk_ax
/mnt/c/Users/nateg/OneDrive/Documentos/GitHub/autodoxx/tmp_PerpetualTruthDetector.txt_7o9EYQ/chunk_ay
/mnt/c/Users/nateg/OneDrive/Documentos/GitHub/autodoxx/tmp_PerpetualTruthDetector.txt_7o9EYQ/chunk_az
/mnt/c/Users/nateg/OneDrive/Documentos/GitHub/autodoxx/tmp_PerpetualTruthDetector.txt_7o9EYQ/chunk_ba
/mnt/c/Users/nateg/OneDrive/Documentos/GitHub/autodoxx/tmp_PerpetualTruthDetector.txt_7o9EYQ/chunk_bb
/mnt/c/Users/nateg/OneDrive/Documentos/GitHub/autodoxx/tmp_PerpetualTruthDetector.txt_7o9EYQ/chunk_bc
/mnt/c/Users/nateg/OneDrive/Documentos/GitHub/autodoxx/tmp_PerpetualTruthDetector.txt_7o9EYQ/chunk_bd
/mnt/c/Users/nateg/OneDrive/Documentos/GitHub/autodoxx/tmp_PerpetualTruthDetector.txt_7o9EYQ/chunk_be
/mnt/c/Users/nateg/OneDrive/Documentos/GitHub/autodoxx/tmp_PerpetualTruthDetector.txt_7o9EYQ/chunk_bf
/mnt/c/Users/nateg/OneDrive/Documentos/GitHub/autodoxx/tmp_PerpetualTruthDetector.txt_7o9EYQ/chunk_bg
/mnt/c/Users/nateg/OneDrive/Documentos/GitHub/autodoxx/tmp_PerpetualTruthDetector.txt_7o9EYQ/chunk_bh
/mnt/c/Users/nateg/OneDrive/Documentos/GitHub/autodoxx/tmp_PerpetualTruthDetector.txt_7o9EYQ/chunk_bi
/mnt/c/Users/nateg/OneDrive/Documentos/GitHub/autodoxx/tmp_PerpetualTruthDetector.txt_7o9EYQ/chunk_bj
/mnt/c/Users/nateg/OneDrive/Documentos/GitHub/autodoxx/tmp_PerpetualTruthDetector.txt_7o9EYQ/chunk_bk
/mnt/c/Users/nateg/OneDrive/Documentos/GitHub/autodoxx/tmp_PerpetualTruthDetector.txt_7o9EYQ/chunk_bl
/mnt/c/Users/nateg/OneDrive/Documentos/GitHub/autodoxx/tmp_PerpetualTruthDetector.txt_7o9EYQ/chunk_bm
/mnt/c/Users/nateg/OneDrive/Documentos/GitHub/autodoxx/tmp_PerpetualTruthDetector.txt_7o9EYQ/chunk_bn
/mnt/c/Users/nateg/OneDrive/Documentos/GitHub/autodoxx/tmp_PerpetualTruthDetector.txt_7o9EYQ/chunk_bo
/mnt/c/Users/nateg/OneDrive/Documentos/GitHub/autodoxx/tmp_PerpetualTruthDetector.txt_7o9EYQ/chunk_bp
Temporary directory /mnt/c/Users/nateg/OneDrive/Documentos/GitHub/autodoxx/tmp_PerpetualTruthDetector.txt_7o9EYQ removed
Perpetual Truth Detector.txt
Processing Psychoanalytic Cinema Framework.txt
Temporary directory created: /mnt/c/Users/nateg/OneDrive/Documentos/GitHub/autodoxx/tmp_PsychoanalyticCinemaFramework.txt_EMG0Ft
File split into chunks: /mnt/c/Users/nateg/OneDrive/Documentos/GitHub/autodoxx/tmp_PsychoanalyticCinemaFramework.txt_EMG0Ft/chunk_aa
/mnt/c/Users/nateg/OneDrive/Documentos/GitHub/autodoxx/tmp_PsychoanalyticCinemaFramework.txt_EMG0Ft/chunk_ab
/mnt/c/Users/nateg/OneDrive/Documentos/GitHub/autodoxx/tmp_PsychoanalyticCinemaFramework.txt_EMG0Ft/chunk_ac
/mnt/c/Users/nateg/OneDrive/Documentos/GitHub/autodoxx/tmp_PsychoanalyticCinemaFramework.txt_EMG0Ft/chunk_ad
/mnt/c/Users/nateg/OneDrive/Documentos/GitHub/autodoxx/tmp_PsychoanalyticCinemaFramework.txt_EMG0Ft/chunk_ae
Temporary directory /mnt/c/Users/nateg/OneDrive/Documentos/GitHub/autodoxx/tmp_PsychoanalyticCinemaFramework.txt_EMG0Ft removed
Psychoanalytic Cinema Framework.txt
Processing Psychoanalytic Origins of Religion.txt
Temporary directory created: /mnt/c/Users/nateg/OneDrive/Documentos/GitHub/autodoxx/tmp_PsychoanalyticOriginsofReligion.txt_9KwJFF
File split into chunks: /mnt/c/Users/nateg/OneDrive/Documentos/GitHub/autodoxx/tmp_PsychoanalyticOriginsofReligion.txt_9KwJFF/chunk_aa
/mnt/c/Users/nateg/OneDrive/Documentos/GitHub/autodoxx/tmp_PsychoanalyticOriginsofReligion.txt_9KwJFF/chunk_ab
/mnt/c/Users/nateg/OneDrive/Documentos/GitHub/autodoxx/tmp_PsychoanalyticOriginsofReligion.txt_9KwJFF/chunk_ac
/mnt/c/Users/nateg/OneDrive/Documentos/GitHub/autodoxx/tmp_PsychoanalyticOriginsofReligion.txt_9KwJFF/chunk_ad
/mnt/c/Users/nateg/OneDrive/Documentos/GitHub/autodoxx/tmp_PsychoanalyticOriginsofReligion.txt_9KwJFF/chunk_ae
/mnt/c/Users/nateg/OneDrive/Documentos/GitHub/autodoxx/tmp_PsychoanalyticOriginsofReligion.txt_9KwJFF/chunk_af
/mnt/c/Users/nateg/OneDrive/Documentos/GitHub/autodoxx/tmp_PsychoanalyticOriginsofReligion.txt_9KwJFF/chunk_ag
/mnt/c/Users/nateg/OneDrive/Documentos/GitHub/autodoxx/tmp_PsychoanalyticOriginsofReligion.txt_9KwJFF/chunk_ah
/mnt/c/Users/nateg/OneDrive/Documentos/GitHub/autodoxx/tmp_PsychoanalyticOriginsofReligion.txt_9KwJFF/chunk_ai
/mnt/c/Users/nateg/OneDrive/Documentos/GitHub/autodoxx/tmp_PsychoanalyticOriginsofReligion.txt_9KwJFF/chunk_aj
/mnt/c/Users/nateg/OneDrive/Documentos/GitHub/autodoxx/tmp_PsychoanalyticOriginsofReligion.txt_9KwJFF/chunk_ak
/mnt/c/Users/nateg/OneDrive/Documentos/GitHub/autodoxx/tmp_PsychoanalyticOriginsofReligion.txt_9KwJFF/chunk_al
/mnt/c/Users/nateg/OneDrive/Documentos/GitHub/autodoxx/tmp_PsychoanalyticOriginsofReligion.txt_9KwJFF/chunk_am
/mnt/c/Users/nateg/OneDrive/Documentos/GitHub/autodoxx/tmp_PsychoanalyticOriginsofReligion.txt_9KwJFF/chunk_an
/mnt/c/Users/nateg/OneDrive/Documentos/GitHub/autodoxx/tmp_PsychoanalyticOriginsofReligion.txt_9KwJFF/chunk_ao
/mnt/c/Users/nateg/OneDrive/Documentos/GitHub/autodoxx/tmp_PsychoanalyticOriginsofReligion.txt_9KwJFF/chunk_ap
/mnt/c/Users/nateg/OneDrive/Documentos/GitHub/autodoxx/tmp_PsychoanalyticOriginsofReligion.txt_9KwJFF/chunk_aq
Temporary directory /mnt/c/Users/nateg/OneDrive/Documentos/GitHub/autodoxx/tmp_PsychoanalyticOriginsofReligion.txt_9KwJFF removed
Psychoanalytic Origins of Religion.txt
Processing Syntactic Utility.txt
Temporary directory created: /mnt/c/Users/nateg/OneDrive/Documentos/GitHub/autodoxx/tmp_SyntacticUtility.txt_GMwVQ2
File split into chunks: /mnt/c/Users/nateg/OneDrive/Documentos/GitHub/autodoxx/tmp_SyntacticUtility.txt_GMwVQ2/chunk_aa
/mnt/c/Users/nateg/OneDrive/Documentos/GitHub/autodoxx/tmp_SyntacticUtility.txt_GMwVQ2/chunk_ab
/mnt/c/Users/nateg/OneDrive/Documentos/GitHub/autodoxx/tmp_SyntacticUtility.txt_GMwVQ2/chunk_ac
/mnt/c/Users/nateg/OneDrive/Documentos/GitHub/autodoxx/tmp_SyntacticUtility.txt_GMwVQ2/chunk_ad
/mnt/c/Users/nateg/OneDrive/Documentos/GitHub/autodoxx/tmp_SyntacticUtility.txt_GMwVQ2/chunk_ae
/mnt/c/Users/nateg/OneDrive/Documentos/GitHub/autodoxx/tmp_SyntacticUtility.txt_GMwVQ2/chunk_af
/mnt/c/Users/nateg/OneDrive/Documentos/GitHub/autodoxx/tmp_SyntacticUtility.txt_GMwVQ2/chunk_ag
/mnt/c/Users/nateg/OneDrive/Documentos/GitHub/autodoxx/tmp_SyntacticUtility.txt_GMwVQ2/chunk_ah
/mnt/c/Users/nateg/OneDrive/Documentos/GitHub/autodoxx/tmp_SyntacticUtility.txt_GMwVQ2/chunk_ai
Temporary directory /mnt/c/Users/nateg/OneDrive/Documentos/GitHub/autodoxx/tmp_SyntacticUtility.txt_GMwVQ2 removed
Syntactic Utility.txt
Processing The Overconfidence of Memes.txt
Temporary directory created: /mnt/c/Users/nateg/OneDrive/Documentos/GitHub/autodoxx/tmp_TheOverconfidenceofMemes.txt_Dk3sYG
File split into chunks: /mnt/c/Users/nateg/OneDrive/Documentos/GitHub/autodoxx/tmp_TheOverconfidenceofMemes.txt_Dk3sYG/chunk_aa
/mnt/c/Users/nateg/OneDrive/Documentos/GitHub/autodoxx/tmp_TheOverconfidenceofMemes.txt_Dk3sYG/chunk_ab
/mnt/c/Users/nateg/OneDrive/Documentos/GitHub/autodoxx/tmp_TheOverconfidenceofMemes.txt_Dk3sYG/chunk_ac
/mnt/c/Users/nateg/OneDrive/Documentos/GitHub/autodoxx/tmp_TheOverconfidenceofMemes.txt_Dk3sYG/chunk_ad
/mnt/c/Users/nateg/OneDrive/Documentos/GitHub/autodoxx/tmp_TheOverconfidenceofMemes.txt_Dk3sYG/chunk_ae
/mnt/c/Users/nateg/OneDrive/Documentos/GitHub/autodoxx/tmp_TheOverconfidenceofMemes.txt_Dk3sYG/chunk_af
/mnt/c/Users/nateg/OneDrive/Documentos/GitHub/autodoxx/tmp_TheOverconfidenceofMemes.txt_Dk3sYG/chunk_ag
/mnt/c/Users/nateg/OneDrive/Documentos/GitHub/autodoxx/tmp_TheOverconfidenceofMemes.txt_Dk3sYG/chunk_ah
/mnt/c/Users/nateg/OneDrive/Documentos/GitHub/autodoxx/tmp_TheOverconfidenceofMemes.txt_Dk3sYG/chunk_ai
Temporary directory /mnt/c/Users/nateg/OneDrive/Documentos/GitHub/autodoxx/tmp_TheOverconfidenceofMemes.txt_Dk3sYG removed
The Overconfidence of Memes.txt
Processing Unscannable Interfaces.txt
Temporary directory created: /mnt/c/Users/nateg/OneDrive/Documentos/GitHub/autodoxx/tmp_UnscannableInterfaces.txt_z6boLu
File split into chunks: /mnt/c/Users/nateg/OneDrive/Documentos/GitHub/autodoxx/tmp_UnscannableInterfaces.txt_z6boLu/chunk_aa
/mnt/c/Users/nateg/OneDrive/Documentos/GitHub/autodoxx/tmp_UnscannableInterfaces.txt_z6boLu/chunk_ab
/mnt/c/Users/nateg/OneDrive/Documentos/GitHub/autodoxx/tmp_UnscannableInterfaces.txt_z6boLu/chunk_ac
Temporary directory /mnt/c/Users/nateg/OneDrive/Documentos/GitHub/autodoxx/tmp_UnscannableInterfaces.txt_z6boLu removed
Unscannable Interfaces.txt
Processing Vorticon Vision.txt
Temporary directory created: /mnt/c/Users/nateg/OneDrive/Documentos/GitHub/autodoxx/tmp_VorticonVision.txt_5rVOUz
File split into chunks: /mnt/c/Users/nateg/OneDrive/Documentos/GitHub/autodoxx/tmp_VorticonVision.txt_5rVOUz/chunk_aa
/mnt/c/Users/nateg/OneDrive/Documentos/GitHub/autodoxx/tmp_VorticonVision.txt_5rVOUz/chunk_ab
Temporary directory /mnt/c/Users/nateg/OneDrive/Documentos/GitHub/autodoxx/tmp_VorticonVision.txt_5rVOUz removed
Vorticon Vision.txt
Processing Work on Spherepop.txt
Temporary directory created: /mnt/c/Users/nateg/OneDrive/Documentos/GitHub/autodoxx/tmp_WorkonSpherepop.txt_lXt485
File split into chunks: /mnt/c/Users/nateg/OneDrive/Documentos/GitHub/autodoxx/tmp_WorkonSpherepop.txt_lXt485/chunk_aa
/mnt/c/Users/nateg/OneDrive/Documentos/GitHub/autodoxx/tmp_WorkonSpherepop.txt_lXt485/chunk_ab
/mnt/c/Users/nateg/OneDrive/Documentos/GitHub/autodoxx/tmp_WorkonSpherepop.txt_lXt485/chunk_ac
/mnt/c/Users/nateg/OneDrive/Documentos/GitHub/autodoxx/tmp_WorkonSpherepop.txt_lXt485/chunk_ad
/mnt/c/Users/nateg/OneDrive/Documentos/GitHub/autodoxx/tmp_WorkonSpherepop.txt_lXt485/chunk_ae
/mnt/c/Users/nateg/OneDrive/Documentos/GitHub/autodoxx/tmp_WorkonSpherepop.txt_lXt485/chunk_af
/mnt/c/Users/nateg/OneDrive/Documentos/GitHub/autodoxx/tmp_WorkonSpherepop.txt_lXt485/chunk_ag
/mnt/c/Users/nateg/OneDrive/Documentos/GitHub/autodoxx/tmp_WorkonSpherepop.txt_lXt485/chunk_ah
/mnt/c/Users/nateg/OneDrive/Documentos/GitHub/autodoxx/tmp_WorkonSpherepop.txt_lXt485/chunk_ai
/mnt/c/Users/nateg/OneDrive/Documentos/GitHub/autodoxx/tmp_WorkonSpherepop.txt_lXt485/chunk_aj
/mnt/c/Users/nateg/OneDrive/Documentos/GitHub/autodoxx/tmp_WorkonSpherepop.txt_lXt485/chunk_ak
/mnt/c/Users/nateg/OneDrive/Documentos/GitHub/autodoxx/tmp_WorkonSpherepop.txt_lXt485/chunk_al
/mnt/c/Users/nateg/OneDrive/Documentos/GitHub/autodoxx/tmp_WorkonSpherepop.txt_lXt485/chunk_am
/mnt/c/Users/nateg/OneDrive/Documentos/GitHub/autodoxx/tmp_WorkonSpherepop.txt_lXt485/chunk_an
/mnt/c/Users/nateg/OneDrive/Documentos/GitHub/autodoxx/tmp_WorkonSpherepop.txt_lXt485/chunk_ao
/mnt/c/Users/nateg/OneDrive/Documentos/GitHub/autodoxx/tmp_WorkonSpherepop.txt_lXt485/chunk_ap
/mnt/c/Users/nateg/OneDrive/Documentos/GitHub/autodoxx/tmp_WorkonSpherepop.txt_lXt485/chunk_aq
/mnt/c/Users/nateg/OneDrive/Documentos/GitHub/autodoxx/tmp_WorkonSpherepop.txt_lXt485/chunk_ar
/mnt/c/Users/nateg/OneDrive/Documentos/GitHub/autodoxx/tmp_WorkonSpherepop.txt_lXt485/chunk_as
/mnt/c/Users/nateg/OneDrive/Documentos/GitHub/autodoxx/tmp_WorkonSpherepop.txt_lXt485/chunk_at
/mnt/c/Users/nateg/OneDrive/Documentos/GitHub/autodoxx/tmp_WorkonSpherepop.txt_lXt485/chunk_au
/mnt/c/Users/nateg/OneDrive/Documentos/GitHub/autodoxx/tmp_WorkonSpherepop.txt_lXt485/chunk_av
/mnt/c/Users/nateg/OneDrive/Documentos/GitHub/autodoxx/tmp_WorkonSpherepop.txt_lXt485/chunk_aw
/mnt/c/Users/nateg/OneDrive/Documentos/GitHub/autodoxx/tmp_WorkonSpherepop.txt_lXt485/chunk_ax
/mnt/c/Users/nateg/OneDrive/Documentos/GitHub/autodoxx/tmp_WorkonSpherepop.txt_lXt485/chunk_ay
/mnt/c/Users/nateg/OneDrive/Documentos/GitHub/autodoxx/tmp_WorkonSpherepop.txt_lXt485/chunk_az
/mnt/c/Users/nateg/OneDrive/Documentos/GitHub/autodoxx/tmp_WorkonSpherepop.txt_lXt485/chunk_ba
/mnt/c/Users/nateg/OneDrive/Documentos/GitHub/autodoxx/tmp_WorkonSpherepop.txt_lXt485/chunk_bb
/mnt/c/Users/nateg/OneDrive/Documentos/GitHub/autodoxx/tmp_WorkonSpherepop.txt_lXt485/chunk_bc
/mnt/c/Users/nateg/OneDrive/Documentos/GitHub/autodoxx/tmp_WorkonSpherepop.txt_lXt485/chunk_bd
/mnt/c/Users/nateg/OneDrive/Documentos/GitHub/autodoxx/tmp_WorkonSpherepop.txt_lXt485/chunk_be
/mnt/c/Users/nateg/OneDrive/Documentos/GitHub/autodoxx/tmp_WorkonSpherepop.txt_lXt485/chunk_bf
/mnt/c/Users/nateg/OneDrive/Documentos/GitHub/autodoxx/tmp_WorkonSpherepop.txt_lXt485/chunk_bg
Temporary directory /mnt/c/Users/nateg/OneDrive/Documentos/GitHub/autodoxx/tmp_WorkonSpherepop.txt_lXt485 removed
Work on Spherepop.txt
Processing agora-overview.txt
Temporary directory created: /mnt/c/Users/nateg/OneDrive/Documentos/GitHub/autodoxx/tmp_agora-overview.txt_DpLDnf
File split into chunks: /mnt/c/Users/nateg/OneDrive/Documentos/GitHub/autodoxx/tmp_agora-overview.txt_DpLDnf/chunk_aa
/mnt/c/Users/nateg/OneDrive/Documentos/GitHub/autodoxx/tmp_agora-overview.txt_DpLDnf/chunk_ab
/mnt/c/Users/nateg/OneDrive/Documentos/GitHub/autodoxx/tmp_agora-overview.txt_DpLDnf/chunk_ac
/mnt/c/Users/nateg/OneDrive/Documentos/GitHub/autodoxx/tmp_agora-overview.txt_DpLDnf/chunk_ad
/mnt/c/Users/nateg/OneDrive/Documentos/GitHub/autodoxx/tmp_agora-overview.txt_DpLDnf/chunk_ae
/mnt/c/Users/nateg/OneDrive/Documentos/GitHub/autodoxx/tmp_agora-overview.txt_DpLDnf/chunk_af
/mnt/c/Users/nateg/OneDrive/Documentos/GitHub/autodoxx/tmp_agora-overview.txt_DpLDnf/chunk_ag
/mnt/c/Users/nateg/OneDrive/Documentos/GitHub/autodoxx/tmp_agora-overview.txt_DpLDnf/chunk_ah
/mnt/c/Users/nateg/OneDrive/Documentos/GitHub/autodoxx/tmp_agora-overview.txt_DpLDnf/chunk_ai
/mnt/c/Users/nateg/OneDrive/Documentos/GitHub/autodoxx/tmp_agora-overview.txt_DpLDnf/chunk_aj
/mnt/c/Users/nateg/OneDrive/Documentos/GitHub/autodoxx/tmp_agora-overview.txt_DpLDnf/chunk_ak
/mnt/c/Users/nateg/OneDrive/Documentos/GitHub/autodoxx/tmp_agora-overview.txt_DpLDnf/chunk_al
/mnt/c/Users/nateg/OneDrive/Documentos/GitHub/autodoxx/tmp_agora-overview.txt_DpLDnf/chunk_am
/mnt/c/Users/nateg/OneDrive/Documentos/GitHub/autodoxx/tmp_agora-overview.txt_DpLDnf/chunk_an
/mnt/c/Users/nateg/OneDrive/Documentos/GitHub/autodoxx/tmp_agora-overview.txt_DpLDnf/chunk_ao
/mnt/c/Users/nateg/OneDrive/Documentos/GitHub/autodoxx/tmp_agora-overview.txt_DpLDnf/chunk_ap
/mnt/c/Users/nateg/OneDrive/Documentos/GitHub/autodoxx/tmp_agora-overview.txt_DpLDnf/chunk_aq
/mnt/c/Users/nateg/OneDrive/Documentos/GitHub/autodoxx/tmp_agora-overview.txt_DpLDnf/chunk_ar
/mnt/c/Users/nateg/OneDrive/Documentos/GitHub/autodoxx/tmp_agora-overview.txt_DpLDnf/chunk_as
/mnt/c/Users/nateg/OneDrive/Documentos/GitHub/autodoxx/tmp_agora-overview.txt_DpLDnf/chunk_at
/mnt/c/Users/nateg/OneDrive/Documentos/GitHub/autodoxx/tmp_agora-overview.txt_DpLDnf/chunk_au
/mnt/c/Users/nateg/OneDrive/Documentos/GitHub/autodoxx/tmp_agora-overview.txt_DpLDnf/chunk_av
/mnt/c/Users/nateg/OneDrive/Documentos/GitHub/autodoxx/tmp_agora-overview.txt_DpLDnf/chunk_aw
/mnt/c/Users/nateg/OneDrive/Documentos/GitHub/autodoxx/tmp_agora-overview.txt_DpLDnf/chunk_ax
/mnt/c/Users/nateg/OneDrive/Documentos/GitHub/autodoxx/tmp_agora-overview.txt_DpLDnf/chunk_ay
/mnt/c/Users/nateg/OneDrive/Documentos/GitHub/autodoxx/tmp_agora-overview.txt_DpLDnf/chunk_az
/mnt/c/Users/nateg/OneDrive/Documentos/GitHub/autodoxx/tmp_agora-overview.txt_DpLDnf/chunk_ba
/mnt/c/Users/nateg/OneDrive/Documentos/GitHub/autodoxx/tmp_agora-overview.txt_DpLDnf/chunk_bb
/mnt/c/Users/nateg/OneDrive/Documentos/GitHub/autodoxx/tmp_agora-overview.txt_DpLDnf/chunk_bc
/mnt/c/Users/nateg/OneDrive/Documentos/GitHub/autodoxx/tmp_agora-overview.txt_DpLDnf/chunk_bd
/mnt/c/Users/nateg/OneDrive/Documentos/GitHub/autodoxx/tmp_agora-overview.txt_DpLDnf/chunk_be
/mnt/c/Users/nateg/OneDrive/Documentos/GitHub/autodoxx/tmp_agora-overview.txt_DpLDnf/chunk_bf
/mnt/c/Users/nateg/OneDrive/Documentos/GitHub/autodoxx/tmp_agora-overview.txt_DpLDnf/chunk_bg
/mnt/c/Users/nateg/OneDrive/Documentos/GitHub/autodoxx/tmp_agora-overview.txt_DpLDnf/chunk_bh
/mnt/c/Users/nateg/OneDrive/Documentos/GitHub/autodoxx/tmp_agora-overview.txt_DpLDnf/chunk_bi
/mnt/c/Users/nateg/OneDrive/Documentos/GitHub/autodoxx/tmp_agora-overview.txt_DpLDnf/chunk_bj
/mnt/c/Users/nateg/OneDrive/Documentos/GitHub/autodoxx/tmp_agora-overview.txt_DpLDnf/chunk_bk
/mnt/c/Users/nateg/OneDrive/Documentos/GitHub/autodoxx/tmp_agora-overview.txt_DpLDnf/chunk_bl
/mnt/c/Users/nateg/OneDrive/Documentos/GitHub/autodoxx/tmp_agora-overview.txt_DpLDnf/chunk_bm
/mnt/c/Users/nateg/OneDrive/Documentos/GitHub/autodoxx/tmp_agora-overview.txt_DpLDnf/chunk_bn
/mnt/c/Users/nateg/OneDrive/Documentos/GitHub/autodoxx/tmp_agora-overview.txt_DpLDnf/chunk_bo
/mnt/c/Users/nateg/OneDrive/Documentos/GitHub/autodoxx/tmp_agora-overview.txt_DpLDnf/chunk_bp
/mnt/c/Users/nateg/OneDrive/Documentos/GitHub/autodoxx/tmp_agora-overview.txt_DpLDnf/chunk_bq
/mnt/c/Users/nateg/OneDrive/Documentos/GitHub/autodoxx/tmp_agora-overview.txt_DpLDnf/chunk_br
/mnt/c/Users/nateg/OneDrive/Documentos/GitHub/autodoxx/tmp_agora-overview.txt_DpLDnf/chunk_bs
/mnt/c/Users/nateg/OneDrive/Documentos/GitHub/autodoxx/tmp_agora-overview.txt_DpLDnf/chunk_bt
/mnt/c/Users/nateg/OneDrive/Documentos/GitHub/autodoxx/tmp_agora-overview.txt_DpLDnf/chunk_bu
/mnt/c/Users/nateg/OneDrive/Documentos/GitHub/autodoxx/tmp_agora-overview.txt_DpLDnf/chunk_bv
/mnt/c/Users/nateg/OneDrive/Documentos/GitHub/autodoxx/tmp_agora-overview.txt_DpLDnf/chunk_bw
/mnt/c/Users/nateg/OneDrive/Documentos/GitHub/autodoxx/tmp_agora-overview.txt_DpLDnf/chunk_bx
/mnt/c/Users/nateg/OneDrive/Documentos/GitHub/autodoxx/tmp_agora-overview.txt_DpLDnf/chunk_by
/mnt/c/Users/nateg/OneDrive/Documentos/GitHub/autodoxx/tmp_agora-overview.txt_DpLDnf/chunk_bz
/mnt/c/Users/nateg/OneDrive/Documentos/GitHub/autodoxx/tmp_agora-overview.txt_DpLDnf/chunk_ca
/mnt/c/Users/nateg/OneDrive/Documentos/GitHub/autodoxx/tmp_agora-overview.txt_DpLDnf/chunk_cb
/mnt/c/Users/nateg/OneDrive/Documentos/GitHub/autodoxx/tmp_agora-overview.txt_DpLDnf/chunk_cc
/mnt/c/Users/nateg/OneDrive/Documentos/GitHub/autodoxx/tmp_agora-overview.txt_DpLDnf/chunk_cd
/mnt/c/Users/nateg/OneDrive/Documentos/GitHub/autodoxx/tmp_agora-overview.txt_DpLDnf/chunk_ce
/mnt/c/Users/nateg/OneDrive/Documentos/GitHub/autodoxx/tmp_agora-overview.txt_DpLDnf/chunk_cf
/mnt/c/Users/nateg/OneDrive/Documentos/GitHub/autodoxx/tmp_agora-overview.txt_DpLDnf/chunk_cg
/mnt/c/Users/nateg/OneDrive/Documentos/GitHub/autodoxx/tmp_agora-overview.txt_DpLDnf/chunk_ch
/mnt/c/Users/nateg/OneDrive/Documentos/GitHub/autodoxx/tmp_agora-overview.txt_DpLDnf/chunk_ci
/mnt/c/Users/nateg/OneDrive/Documentos/GitHub/autodoxx/tmp_agora-overview.txt_DpLDnf/chunk_cj
/mnt/c/Users/nateg/OneDrive/Documentos/GitHub/autodoxx/tmp_agora-overview.txt_DpLDnf/chunk_ck
/mnt/c/Users/nateg/OneDrive/Documentos/GitHub/autodoxx/tmp_agora-overview.txt_DpLDnf/chunk_cl
/mnt/c/Users/nateg/OneDrive/Documentos/GitHub/autodoxx/tmp_agora-overview.txt_DpLDnf/chunk_cm
/mnt/c/Users/nateg/OneDrive/Documentos/GitHub/autodoxx/tmp_agora-overview.txt_DpLDnf/chunk_cn
/mnt/c/Users/nateg/OneDrive/Documentos/GitHub/autodoxx/tmp_agora-overview.txt_DpLDnf/chunk_co
/mnt/c/Users/nateg/OneDrive/Documentos/GitHub/autodoxx/tmp_agora-overview.txt_DpLDnf/chunk_cp
/mnt/c/Users/nateg/OneDrive/Documentos/GitHub/autodoxx/tmp_agora-overview.txt_DpLDnf/chunk_cq
/mnt/c/Users/nateg/OneDrive/Documentos/GitHub/autodoxx/tmp_agora-overview.txt_DpLDnf/chunk_cr
/mnt/c/Users/nateg/OneDrive/Documentos/GitHub/autodoxx/tmp_agora-overview.txt_DpLDnf/chunk_cs
/mnt/c/Users/nateg/OneDrive/Documentos/GitHub/autodoxx/tmp_agora-overview.txt_DpLDnf/chunk_ct
/mnt/c/Users/nateg/OneDrive/Documentos/GitHub/autodoxx/tmp_agora-overview.txt_DpLDnf/chunk_cu
/mnt/c/Users/nateg/OneDrive/Documentos/GitHub/autodoxx/tmp_agora-overview.txt_DpLDnf/chunk_cv
/mnt/c/Users/nateg/OneDrive/Documentos/GitHub/autodoxx/tmp_agora-overview.txt_DpLDnf/chunk_cw
/mnt/c/Users/nateg/OneDrive/Documentos/GitHub/autodoxx/tmp_agora-overview.txt_DpLDnf/chunk_cx
/mnt/c/Users/nateg/OneDrive/Documentos/GitHub/autodoxx/tmp_agora-overview.txt_DpLDnf/chunk_cy
/mnt/c/Users/nateg/OneDrive/Documentos/GitHub/autodoxx/tmp_agora-overview.txt_DpLDnf/chunk_cz
/mnt/c/Users/nateg/OneDrive/Documentos/GitHub/autodoxx/tmp_agora-overview.txt_DpLDnf/chunk_da
/mnt/c/Users/nateg/OneDrive/Documentos/GitHub/autodoxx/tmp_agora-overview.txt_DpLDnf/chunk_db
/mnt/c/Users/nateg/OneDrive/Documentos/GitHub/autodoxx/tmp_agora-overview.txt_DpLDnf/chunk_dc
/mnt/c/Users/nateg/OneDrive/Documentos/GitHub/autodoxx/tmp_agora-overview.txt_DpLDnf/chunk_dd
/mnt/c/Users/nateg/OneDrive/Documentos/GitHub/autodoxx/tmp_agora-overview.txt_DpLDnf/chunk_de
/mnt/c/Users/nateg/OneDrive/Documentos/GitHub/autodoxx/tmp_agora-overview.txt_DpLDnf/chunk_df
/mnt/c/Users/nateg/OneDrive/Documentos/GitHub/autodoxx/tmp_agora-overview.txt_DpLDnf/chunk_dg
/mnt/c/Users/nateg/OneDrive/Documentos/GitHub/autodoxx/tmp_agora-overview.txt_DpLDnf/chunk_dh
/mnt/c/Users/nateg/OneDrive/Documentos/GitHub/autodoxx/tmp_agora-overview.txt_DpLDnf/chunk_di
/mnt/c/Users/nateg/OneDrive/Documentos/GitHub/autodoxx/tmp_agora-overview.txt_DpLDnf/chunk_dj
/mnt/c/Users/nateg/OneDrive/Documentos/GitHub/autodoxx/tmp_agora-overview.txt_DpLDnf/chunk_dk
/mnt/c/Users/nateg/OneDrive/Documentos/GitHub/autodoxx/tmp_agora-overview.txt_DpLDnf/chunk_dl
/mnt/c/Users/nateg/OneDrive/Documentos/GitHub/autodoxx/tmp_agora-overview.txt_DpLDnf/chunk_dm
/mnt/c/Users/nateg/OneDrive/Documentos/GitHub/autodoxx/tmp_agora-overview.txt_DpLDnf/chunk_dn
/mnt/c/Users/nateg/OneDrive/Documentos/GitHub/autodoxx/tmp_agora-overview.txt_DpLDnf/chunk_do
/mnt/c/Users/nateg/OneDrive/Documentos/GitHub/autodoxx/tmp_agora-overview.txt_DpLDnf/chunk_dp
/mnt/c/Users/nateg/OneDrive/Documentos/GitHub/autodoxx/tmp_agora-overview.txt_DpLDnf/chunk_dq
/mnt/c/Users/nateg/OneDrive/Documentos/GitHub/autodoxx/tmp_agora-overview.txt_DpLDnf/chunk_dr
/mnt/c/Users/nateg/OneDrive/Documentos/GitHub/autodoxx/tmp_agora-overview.txt_DpLDnf/chunk_ds
/mnt/c/Users/nateg/OneDrive/Documentos/GitHub/autodoxx/tmp_agora-overview.txt_DpLDnf/chunk_dt
/mnt/c/Users/nateg/OneDrive/Documentos/GitHub/autodoxx/tmp_agora-overview.txt_DpLDnf/chunk_du
/mnt/c/Users/nateg/OneDrive/Documentos/GitHub/autodoxx/tmp_agora-overview.txt_DpLDnf/chunk_dv
/mnt/c/Users/nateg/OneDrive/Documentos/GitHub/autodoxx/tmp_agora-overview.txt_DpLDnf/chunk_dw
/mnt/c/Users/nateg/OneDrive/Documentos/GitHub/autodoxx/tmp_agora-overview.txt_DpLDnf/chunk_dx
/mnt/c/Users/nateg/OneDrive/Documentos/GitHub/autodoxx/tmp_agora-overview.txt_DpLDnf/chunk_dy
/mnt/c/Users/nateg/OneDrive/Documentos/GitHub/autodoxx/tmp_agora-overview.txt_DpLDnf/chunk_dz
/mnt/c/Users/nateg/OneDrive/Documentos/GitHub/autodoxx/tmp_agora-overview.txt_DpLDnf/chunk_ea
/mnt/c/Users/nateg/OneDrive/Documentos/GitHub/autodoxx/tmp_agora-overview.txt_DpLDnf/chunk_eb
/mnt/c/Users/nateg/OneDrive/Documentos/GitHub/autodoxx/tmp_agora-overview.txt_DpLDnf/chunk_ec
/mnt/c/Users/nateg/OneDrive/Documentos/GitHub/autodoxx/tmp_agora-overview.txt_DpLDnf/chunk_ed
/mnt/c/Users/nateg/OneDrive/Documentos/GitHub/autodoxx/tmp_agora-overview.txt_DpLDnf/chunk_ee
/mnt/c/Users/nateg/OneDrive/Documentos/GitHub/autodoxx/tmp_agora-overview.txt_DpLDnf/chunk_ef
/mnt/c/Users/nateg/OneDrive/Documentos/GitHub/autodoxx/tmp_agora-overview.txt_DpLDnf/chunk_eg
/mnt/c/Users/nateg/OneDrive/Documentos/GitHub/autodoxx/tmp_agora-overview.txt_DpLDnf/chunk_eh
/mnt/c/Users/nateg/OneDrive/Documentos/GitHub/autodoxx/tmp_agora-overview.txt_DpLDnf/chunk_ei
/mnt/c/Users/nateg/OneDrive/Documentos/GitHub/autodoxx/tmp_agora-overview.txt_DpLDnf/chunk_ej
/mnt/c/Users/nateg/OneDrive/Documentos/GitHub/autodoxx/tmp_agora-overview.txt_DpLDnf/chunk_ek
/mnt/c/Users/nateg/OneDrive/Documentos/GitHub/autodoxx/tmp_agora-overview.txt_DpLDnf/chunk_el
/mnt/c/Users/nateg/OneDrive/Documentos/GitHub/autodoxx/tmp_agora-overview.txt_DpLDnf/chunk_em
/mnt/c/Users/nateg/OneDrive/Documentos/GitHub/autodoxx/tmp_agora-overview.txt_DpLDnf/chunk_en
/mnt/c/Users/nateg/OneDrive/Documentos/GitHub/autodoxx/tmp_agora-overview.txt_DpLDnf/chunk_eo
/mnt/c/Users/nateg/OneDrive/Documentos/GitHub/autodoxx/tmp_agora-overview.txt_DpLDnf/chunk_ep
/mnt/c/Users/nateg/OneDrive/Documentos/GitHub/autodoxx/tmp_agora-overview.txt_DpLDnf/chunk_eq
/mnt/c/Users/nateg/OneDrive/Documentos/GitHub/autodoxx/tmp_agora-overview.txt_DpLDnf/chunk_er
/mnt/c/Users/nateg/OneDrive/Documentos/GitHub/autodoxx/tmp_agora-overview.txt_DpLDnf/chunk_es
/mnt/c/Users/nateg/OneDrive/Documentos/GitHub/autodoxx/tmp_agora-overview.txt_DpLDnf/chunk_et
/mnt/c/Users/nateg/OneDrive/Documentos/GitHub/autodoxx/tmp_agora-overview.txt_DpLDnf/chunk_eu
/mnt/c/Users/nateg/OneDrive/Documentos/GitHub/autodoxx/tmp_agora-overview.txt_DpLDnf/chunk_ev
/mnt/c/Users/nateg/OneDrive/Documentos/GitHub/autodoxx/tmp_agora-overview.txt_DpLDnf/chunk_ew
/mnt/c/Users/nateg/OneDrive/Documentos/GitHub/autodoxx/tmp_agora-overview.txt_DpLDnf/chunk_ex
/mnt/c/Users/nateg/OneDrive/Documentos/GitHub/autodoxx/tmp_agora-overview.txt_DpLDnf/chunk_ey
/mnt/c/Users/nateg/OneDrive/Documentos/GitHub/autodoxx/tmp_agora-overview.txt_DpLDnf/chunk_ez
/mnt/c/Users/nateg/OneDrive/Documentos/GitHub/autodoxx/tmp_agora-overview.txt_DpLDnf/chunk_fa
/mnt/c/Users/nateg/OneDrive/Documentos/GitHub/autodoxx/tmp_agora-overview.txt_DpLDnf/chunk_fb
/mnt/c/Users/nateg/OneDrive/Documentos/GitHub/autodoxx/tmp_agora-overview.txt_DpLDnf/chunk_fc
/mnt/c/Users/nateg/OneDrive/Documentos/GitHub/autodoxx/tmp_agora-overview.txt_DpLDnf/chunk_fd
/mnt/c/Users/nateg/OneDrive/Documentos/GitHub/autodoxx/tmp_agora-overview.txt_DpLDnf/chunk_fe
/mnt/c/Users/nateg/OneDrive/Documentos/GitHub/autodoxx/tmp_agora-overview.txt_DpLDnf/chunk_ff
/mnt/c/Users/nateg/OneDrive/Documentos/GitHub/autodoxx/tmp_agora-overview.txt_DpLDnf/chunk_fg
/mnt/c/Users/nateg/OneDrive/Documentos/GitHub/autodoxx/tmp_agora-overview.txt_DpLDnf/chunk_fh
/mnt/c/Users/nateg/OneDrive/Documentos/GitHub/autodoxx/tmp_agora-overview.txt_DpLDnf/chunk_fi
/mnt/c/Users/nateg/OneDrive/Documentos/GitHub/autodoxx/tmp_agora-overview.txt_DpLDnf/chunk_fj
/mnt/c/Users/nateg/OneDrive/Documentos/GitHub/autodoxx/tmp_agora-overview.txt_DpLDnf/chunk_fk
/mnt/c/Users/nateg/OneDrive/Documentos/GitHub/autodoxx/tmp_agora-overview.txt_DpLDnf/chunk_fl
/mnt/c/Users/nateg/OneDrive/Documentos/GitHub/autodoxx/tmp_agora-overview.txt_DpLDnf/chunk_fm
/mnt/c/Users/nateg/OneDrive/Documentos/GitHub/autodoxx/tmp_agora-overview.txt_DpLDnf/chunk_fn
/mnt/c/Users/nateg/OneDrive/Documentos/GitHub/autodoxx/tmp_agora-overview.txt_DpLDnf/chunk_fo
/mnt/c/Users/nateg/OneDrive/Documentos/GitHub/autodoxx/tmp_agora-overview.txt_DpLDnf/chunk_fp
/mnt/c/Users/nateg/OneDrive/Documentos/GitHub/autodoxx/tmp_agora-overview.txt_DpLDnf/chunk_fq
/mnt/c/Users/nateg/OneDrive/Documentos/GitHub/autodoxx/tmp_agora-overview.txt_DpLDnf/chunk_fr
/mnt/c/Users/nateg/OneDrive/Documentos/GitHub/autodoxx/tmp_agora-overview.txt_DpLDnf/chunk_fs
/mnt/c/Users/nateg/OneDrive/Documentos/GitHub/autodoxx/tmp_agora-overview.txt_DpLDnf/chunk_ft
/mnt/c/Users/nateg/OneDrive/Documentos/GitHub/autodoxx/tmp_agora-overview.txt_DpLDnf/chunk_fu
/mnt/c/Users/nateg/OneDrive/Documentos/GitHub/autodoxx/tmp_agora-overview.txt_DpLDnf/chunk_fv
/mnt/c/Users/nateg/OneDrive/Documentos/GitHub/autodoxx/tmp_agora-overview.txt_DpLDnf/chunk_fw
/mnt/c/Users/nateg/OneDrive/Documentos/GitHub/autodoxx/tmp_agora-overview.txt_DpLDnf/chunk_fx
/mnt/c/Users/nateg/OneDrive/Documentos/GitHub/autodoxx/tmp_agora-overview.txt_DpLDnf/chunk_fy
/mnt/c/Users/nateg/OneDrive/Documentos/GitHub/autodoxx/tmp_agora-overview.txt_DpLDnf/chunk_fz
/mnt/c/Users/nateg/OneDrive/Documentos/GitHub/autodoxx/tmp_agora-overview.txt_DpLDnf/chunk_ga
/mnt/c/Users/nateg/OneDrive/Documentos/GitHub/autodoxx/tmp_agora-overview.txt_DpLDnf/chunk_gb
/mnt/c/Users/nateg/OneDrive/Documentos/GitHub/autodoxx/tmp_agora-overview.txt_DpLDnf/chunk_gc
/mnt/c/Users/nateg/OneDrive/Documentos/GitHub/autodoxx/tmp_agora-overview.txt_DpLDnf/chunk_gd
/mnt/c/Users/nateg/OneDrive/Documentos/GitHub/autodoxx/tmp_agora-overview.txt_DpLDnf/chunk_ge
/mnt/c/Users/nateg/OneDrive/Documentos/GitHub/autodoxx/tmp_agora-overview.txt_DpLDnf/chunk_gf
/mnt/c/Users/nateg/OneDrive/Documentos/GitHub/autodoxx/tmp_agora-overview.txt_DpLDnf/chunk_gg
/mnt/c/Users/nateg/OneDrive/Documentos/GitHub/autodoxx/tmp_agora-overview.txt_DpLDnf/chunk_gh
/mnt/c/Users/nateg/OneDrive/Documentos/GitHub/autodoxx/tmp_agora-overview.txt_DpLDnf/chunk_gi
/mnt/c/Users/nateg/OneDrive/Documentos/GitHub/autodoxx/tmp_agora-overview.txt_DpLDnf/chunk_gj
/mnt/c/Users/nateg/OneDrive/Documentos/GitHub/autodoxx/tmp_agora-overview.txt_DpLDnf/chunk_gk
/mnt/c/Users/nateg/OneDrive/Documentos/GitHub/autodoxx/tmp_agora-overview.txt_DpLDnf/chunk_gl
/mnt/c/Users/nateg/OneDrive/Documentos/GitHub/autodoxx/tmp_agora-overview.txt_DpLDnf/chunk_gm
